#
# There is insufficient memory for the Java Runtime Environment to continue.
# Native memory allocation (mmap) failed to map 40894464 bytes for Failed to commit area from 0x00000000f0000000 to 0x00000000f2700000 of length 40894464.
# Possible reasons:
#   The system is out of physical RAM or swap space
#   The process is running with CompressedOops enabled, and the Java Heap may be blocking the growth of the native heap
# Possible solutions:
#   Reduce memory load on the system
#   Increase physical memory or swap space
#   Check if swap backing store is full
#   Decrease Java heap size (-Xmx/-Xms)
#   Decrease number of Java threads
#   Decrease Java thread stack sizes (-Xss)
#   Set larger code cache with -XX:ReservedCodeCacheSize=
#   JVM is running with Unscaled Compressed Oops mode in which the Java heap is
#     placed in the first 4GB address space. The Java Heap base address is the
#     maximum limit for the native heap growth. Please use -XX:HeapBaseMinAddress
#     to set the Java Heap base and to place the Java Heap above 4GB virtual address.
# This output file may be truncated or incomplete.
#
#  Out of Memory Error (./src/hotspot/os/windows/os_windows.cpp:3303), pid=6568, tid=340
#
# JRE version: OpenJDK Runtime Environment (11.0.8+10) (build 11.0.8+10-b944.6842174)
# Java VM: OpenJDK 64-Bit Server VM (11.0.8+10-b944.6842174, mixed mode, tiered, compressed oops, g1 gc, windows-amd64)
# No core dump will be written. Minidumps are not enabled by default on client versions of Windows
#

---------------  S U M M A R Y ------------

Command Line: --add-opens=java.base/java.util=ALL-UNNAMED --add-opens=java.base/java.lang=ALL-UNNAMED --add-opens=java.base/java.lang.invoke=ALL-UNNAMED --add-opens=java.prefs/java.util.prefs=ALL-UNNAMED -XX:MaxMetaspaceSize=256m -XX:+HeapDumpOnOutOfMemoryError -Xms256m -Xmx512m -Dfile.encoding=windows-1252 -Duser.country=US -Duser.language=en -Duser.variant org.gradle.launcher.daemon.bootstrap.GradleDaemon 6.5

Host: Intel(R) Core(TM) i7-8750H CPU @ 2.20GHz, 12 cores, 15G,  Windows 10 , 64 bit Build 19041 (10.0.19041.1023)
Time: Wed Jul 28 02:03:40 2021 Malay Peninsula Standard Time elapsed time: 127 seconds (0d 0h 2m 7s)

---------------  T H R E A D  ---------------

Current thread (0x00000239c15d0800):  VMThread "VM Thread" [stack: 0x000000db74f00000,0x000000db75000000] [id=340]

Stack: [0x000000db74f00000,0x000000db75000000]
[error occurred during error reporting (printing stack bounds), id 0xc0000005, EXCEPTION_ACCESS_VIOLATION (0xc0000005) at pc=0x00000239ada00dad]

Native frames: (J=compiled Java code, j=interpreted, Vv=VM code, C=native code)
V  [jvm.dll+0x5de50a]
V  [jvm.dll+0x7122f5]
V  [jvm.dll+0x71384d]
V  [jvm.dll+0x713e65]
V  [jvm.dll+0x713e1b]
V  [jvm.dll+0x5dd958]
V  [jvm.dll+0x5de0f8]
C  [ntdll.dll+0xa217f]
C  [ntdll.dll+0x51454]
C  [ntdll.dll+0xa0cae]
C  0x00000239ada00dad

VM_Operation (0x000000db001fd700): G1CollectForAllocation, mode: safepoint, requested by thread 0x00000239ccdde000


---------------  P R O C E S S  ---------------

Threads class SMR info:
_java_thread_list=0x00000239cb02a040, length=98, elements={
0x00000239a87ed800, 0x00000239c1e21800, 0x00000239c1e2f800, 0x00000239c1e73800,
0x00000239c1e77000, 0x00000239c1e7a000, 0x00000239c1e81000, 0x00000239c1618000,
0x00000239c1fe7800, 0x00000239c201a800, 0x00000239c3663800, 0x00000239c1faf800,
0x00000239c1f8c000, 0x00000239c233f800, 0x00000239c2c79000, 0x00000239c1f1d800,
0x00000239c3a36800, 0x00000239c3a37000, 0x00000239c219c800, 0x00000239c403c000,
0x00000239c403d000, 0x00000239c403d800, 0x00000239c403f800, 0x00000239c403a800,
0x00000239c403b000, 0x00000239c403e800, 0x00000239c4039800, 0x00000239c63cf800,
0x00000239c63d4000, 0x00000239c63d2800, 0x00000239c63d1000, 0x00000239c63d5000,
0x00000239c63d7800, 0x00000239c63d6000, 0x00000239c63d6800, 0x00000239c63d8800,
0x00000239c63d9000, 0x00000239c63d3800, 0x00000239c63da000, 0x00000239c63db000,
0x00000239c4be5000, 0x00000239c4799800, 0x00000239c479d800, 0x00000239c4798800,
0x00000239c479b000, 0x00000239c479f000, 0x00000239c479a800, 0x00000239c479e800,
0x00000239c47a0000, 0x00000239c47a1000, 0x00000239c47a1800, 0x00000239c479c000,
0x00000239c47a2800, 0x00000239c479d000, 0x00000239c47a6800, 0x00000239c4bec800,
0x00000239c4beb000, 0x00000239c69be000, 0x00000239c69bb800, 0x00000239c69c2000,
0x00000239c69bf000, 0x00000239c69c7000, 0x00000239c69c3800, 0x00000239c69c8000,
0x00000239c69c4800, 0x00000239c69c6000, 0x00000239c69c5800, 0x00000239c69c8800,
0x00000239c69c3000, 0x00000239ccdd9000, 0x00000239ccddc800, 0x00000239ccdda000,
0x00000239ccddb000, 0x00000239ccdd8800, 0x00000239ccddf800, 0x00000239ccde2000,
0x00000239ccde0800, 0x00000239ccde3800, 0x00000239ccddf000, 0x00000239ccde4800,
0x00000239ccdeb000, 0x00000239ccde6000, 0x00000239ccde8000, 0x00000239ccde8800,
0x00000239ccde5800, 0x00000239ccdde000, 0x00000239ccdf1000, 0x00000239ccdee800,
0x00000239ccdef000, 0x00000239ccdf1800, 0x00000239ccdec000, 0x00000239ccdf2800,
0x00000239ccdec800, 0x00000239ccdf3800, 0x00000239ccdf5000, 0x00000239ccdf5800,
0x00000239ccdf4000, 0x00000239ccdf6800
}

Java Threads: ( => current thread )
  0x00000239a87ed800 JavaThread "main" [_thread_blocked, id=12532, stack(0x000000db74900000,0x000000db74a00000)]
  0x00000239c1e21800 JavaThread "Reference Handler" daemon [_thread_blocked, id=10204, stack(0x000000db75000000,0x000000db75100000)]
  0x00000239c1e2f800 JavaThread "Finalizer" daemon [_thread_blocked, id=12052, stack(0x000000db75100000,0x000000db75200000)]
  0x00000239c1e73800 JavaThread "Signal Dispatcher" daemon [_thread_blocked, id=13920, stack(0x000000db75200000,0x000000db75300000)]
  0x00000239c1e77000 JavaThread "Attach Listener" daemon [_thread_blocked, id=11824, stack(0x000000db75300000,0x000000db75400000)]
  0x00000239c1e7a000 JavaThread "C2 CompilerThread0" daemon [_thread_blocked, id=14120, stack(0x000000db75400000,0x000000db75500000)]
  0x00000239c1e81000 JavaThread "C1 CompilerThread0" daemon [_thread_blocked, id=11104, stack(0x000000db75500000,0x000000db75600000)]
  0x00000239c1618000 JavaThread "Sweeper thread" daemon [_thread_blocked, id=11040, stack(0x000000db75600000,0x000000db75700000)]
  0x00000239c1fe7800 JavaThread "Common-Cleaner" daemon [_thread_blocked, id=6232, stack(0x000000db75700000,0x000000db75800000)]
  0x00000239c201a800 JavaThread "Service Thread" daemon [_thread_blocked, id=16072, stack(0x000000db75800000,0x000000db75900000)]
  0x00000239c3663800 JavaThread "Daemon health stats" [_thread_blocked, id=5088, stack(0x000000db75a00000,0x000000db75b00000)]
  0x00000239c1faf800 JavaThread "Incoming local TCP Connector on port 63300" [_thread_in_native, id=14648, stack(0x000000db76200000,0x000000db76300000)]
  0x00000239c1f8c000 JavaThread "Daemon periodic checks" [_thread_blocked, id=14528, stack(0x000000db76300000,0x000000db76400000)]
  0x00000239c233f800 JavaThread "Daemon" [_thread_blocked, id=5548, stack(0x000000db76400000,0x000000db76500000)]
  0x00000239c2c79000 JavaThread "Handler for socket connection from /127.0.0.1:63300 to /127.0.0.1:63301" [_thread_in_native, id=6668, stack(0x000000db76500000,0x000000db76600000)]
  0x00000239c1f1d800 JavaThread "Cancel handler" [_thread_blocked, id=11548, stack(0x000000db76600000,0x000000db76700000)]
  0x00000239c3a36800 JavaThread "Daemon worker" [_thread_blocked, id=840, stack(0x000000db76700000,0x000000db76800000)]
  0x00000239c3a37000 JavaThread "Asynchronous log dispatcher for DefaultDaemonConnection: socket connection from /127.0.0.1:63300 to /127.0.0.1:63301" [_thread_blocked, id=11592, stack(0x000000db76800000,0x000000db76900000)]
  0x00000239c219c800 JavaThread "Thread-8" [_thread_blocked, id=9052, stack(0x000000db76a00000,0x000000db76b00000)]
  0x00000239c403c000 JavaThread "Cache worker for journal cache (C:\Users\WeiQi\.gradle\caches\journal-1)" [_thread_blocked, id=13016, stack(0x000000db76b00000,0x000000db76c00000)]
  0x00000239c403d000 JavaThread "File lock request listener" [_thread_in_native, id=12216, stack(0x000000db76c00000,0x000000db76d00000)]
  0x00000239c403d800 JavaThread "Cache worker for file hash cache (C:\Users\WeiQi\.gradle\caches\6.5\fileHashes)" [_thread_blocked, id=9908, stack(0x000000db76d00000,0x000000db76e00000)]
  0x00000239c403f800 JavaThread "Cache worker for file hash cache (D:\AndroidStudioProjects\Number-Plate-Scanner-master\Number-Plate-Scanner-master\.gradle\6.5\fileHashes)" [_thread_blocked, id=11640, stack(0x000000db77600000,0x000000db77700000)]
  0x00000239c403a800 JavaThread "Cache worker for checksums cache (D:\AndroidStudioProjects\Number-Plate-Scanner-master\Number-Plate-Scanner-master\.gradle\checksums)" [_thread_blocked, id=6912, stack(0x000000db77700000,0x000000db77800000)]
  0x00000239c403b000 JavaThread "Cache worker for cache directory md-supplier (C:\Users\WeiQi\.gradle\caches\6.5\md-supplier)" [_thread_blocked, id=13260, stack(0x000000db77800000,0x000000db77900000)]
  0x00000239c403e800 JavaThread "Cache worker for cache directory md-rule (C:\Users\WeiQi\.gradle\caches\6.5\md-rule)" [_thread_blocked, id=6548, stack(0x000000db77900000,0x000000db77a00000)]
  0x00000239c4039800 JavaThread "Cache worker for execution history cache (C:\Users\WeiQi\.gradle\caches\6.5\executionHistory)" [_thread_blocked, id=10664, stack(0x000000db77a00000,0x000000db77b00000)]
  0x00000239c63cf800 JavaThread "Cache worker for file content cache (C:\Users\WeiQi\.gradle\caches\6.5\fileContent)" [_thread_blocked, id=2940, stack(0x000000db77b00000,0x000000db77c00000)]
  0x00000239c63d4000 JavaThread "Build operations" [_thread_blocked, id=7616, stack(0x000000db77400000,0x000000db77500000)]
  0x00000239c63d2800 JavaThread "Build operations Thread 2" [_thread_blocked, id=4420, stack(0x000000db77c00000,0x000000db77d00000)]
  0x00000239c63d1000 JavaThread "Build operations Thread 3" [_thread_blocked, id=14112, stack(0x000000db77d00000,0x000000db77e00000)]
  0x00000239c63d5000 JavaThread "Build operations Thread 4" [_thread_blocked, id=4304, stack(0x000000db77e00000,0x000000db77f00000)]
  0x00000239c63d7800 JavaThread "Build operations Thread 5" [_thread_blocked, id=15108, stack(0x000000db77f00000,0x000000db78000000)]
  0x00000239c63d6000 JavaThread "Build operations Thread 6" [_thread_blocked, id=1624, stack(0x000000db78000000,0x000000db78100000)]
  0x00000239c63d6800 JavaThread "Build operations Thread 7" [_thread_blocked, id=3740, stack(0x000000db78100000,0x000000db78200000)]
  0x00000239c63d8800 JavaThread "Build operations Thread 8" [_thread_blocked, id=12088, stack(0x000000db78200000,0x000000db78300000)]
  0x00000239c63d9000 JavaThread "Build operations Thread 9" [_thread_blocked, id=16288, stack(0x000000db78300000,0x000000db78400000)]
  0x00000239c63d3800 JavaThread "Build operations Thread 10" [_thread_blocked, id=2696, stack(0x000000db78400000,0x000000db78500000)]
  0x00000239c63da000 JavaThread "Build operations Thread 11" [_thread_blocked, id=12496, stack(0x000000db78500000,0x000000db78600000)]
  0x00000239c63db000 JavaThread "Build operations Thread 12" [_thread_blocked, id=7540, stack(0x000000db78600000,0x000000db78700000)]
  0x00000239c4be5000 JavaThread "Cache worker for Build Output Cleanup Cache (D:\AndroidStudioProjects\Number-Plate-Scanner-master\Number-Plate-Scanner-master\.gradle\buildOutputCleanup)" [_thread_blocked, id=14228, stack(0x000000db7e500000,0x000000db7e600000)]
  0x00000239c4799800 JavaThread "Memory manager" [_thread_blocked, id=3132, stack(0x000000db7e800000,0x000000db7e900000)]
  0x00000239c479d800 JavaThread "Cache worker for file content cache (D:\AndroidStudioProjects\Number-Plate-Scanner-master\Number-Plate-Scanner-master\.gradle\6.5\fileContent)" [_thread_blocked, id=13184, stack(0x000000db7e900000,0x000000db7ea00000)]
  0x00000239c4798800 JavaThread "Execution worker for ':'" [_thread_blocked, id=9932, stack(0x000000db7ea00000,0x000000db7eb00000)]
  0x00000239c479b000 JavaThread "Execution worker for ':' Thread 2" [_thread_blocked, id=7036, stack(0x000000db7eb00000,0x000000db7ec00000)]
  0x00000239c479f000 JavaThread "Execution worker for ':' Thread 3" [_thread_blocked, id=5404, stack(0x000000db7ec00000,0x000000db7ed00000)]
  0x00000239c479a800 JavaThread "Execution worker for ':' Thread 4" [_thread_blocked, id=11512, stack(0x000000db7ed00000,0x000000db7ee00000)]
  0x00000239c479e800 JavaThread "Execution worker for ':' Thread 5" [_thread_blocked, id=10680, stack(0x000000db7ee00000,0x000000db7ef00000)]
  0x00000239c47a0000 JavaThread "Execution worker for ':' Thread 6" [_thread_blocked, id=4388, stack(0x000000db7ef00000,0x000000db7f000000)]
  0x00000239c47a1000 JavaThread "Execution worker for ':' Thread 7" [_thread_blocked, id=10968, stack(0x000000db7f000000,0x000000db7f100000)]
  0x00000239c47a1800 JavaThread "Execution worker for ':' Thread 8" [_thread_blocked, id=16196, stack(0x000000db7f100000,0x000000db7f200000)]
  0x00000239c479c000 JavaThread "Execution worker for ':' Thread 9" [_thread_blocked, id=2492, stack(0x000000db7f200000,0x000000db7f300000)]
  0x00000239c47a2800 JavaThread "Execution worker for ':' Thread 10" [_thread_blocked, id=15084, stack(0x000000db7f300000,0x000000db7f400000)]
  0x00000239c479d000 JavaThread "Execution worker for ':' Thread 11" [_thread_blocked, id=10668, stack(0x000000db7f400000,0x000000db7f500000)]
  0x00000239c47a6800 JavaThread "Cache worker for execution history cache (D:\AndroidStudioProjects\Number-Plate-Scanner-master\Number-Plate-Scanner-master\.gradle\6.5\executionHistory)" [_thread_blocked, id=14788, stack(0x000000db7f500000,0x000000db7f600000)]
  0x00000239c4bec800 JavaThread "WorkerExecutor Queue Thread 4" [_thread_blocked, id=13544, stack(0x000000db7f600000,0x000000db7f700000)]
  0x00000239c4beb000 JavaThread "WorkerExecutor Queue Thread 5" [_thread_blocked, id=13660, stack(0x000000db7f700000,0x000000db7f800000)]
  0x00000239c69be000 JavaThread "Java2D Disposer" daemon [_thread_blocked, id=14644, stack(0x000000db00200000,0x000000db00300000)]
  0x00000239c69bb800 JavaThread "pool-2-thread-1" [_thread_blocked, id=5560, stack(0x000000db00300000,0x000000db00400000)]
  0x00000239c69c2000 JavaThread "stderr" [_thread_in_native, id=14692, stack(0x000000db00700000,0x000000db00800000)]
  0x00000239c69bf000 JavaThread "stderr" [_thread_in_native, id=11584, stack(0x000000db00800000,0x000000db00900000)]
  0x00000239c69c7000 JavaThread "stdout" [_thread_in_native, id=6784, stack(0x000000db00900000,0x000000db00a00000)]
  0x00000239c69c3800 JavaThread "stdout" [_thread_in_native, id=14676, stack(0x000000db00a00000,0x000000db00b00000)]
  0x00000239c69c8000 JavaThread "stderr" [_thread_in_native, id=14932, stack(0x000000db00b00000,0x000000db00c00000)]
  0x00000239c69c4800 JavaThread "stdout" [_thread_in_native, id=15068, stack(0x000000db00c00000,0x000000db00d00000)]
  0x00000239c69c6000 JavaThread "stderr" [_thread_in_native, id=8108, stack(0x000000db00d00000,0x000000db00e00000)]
  0x00000239c69c5800 JavaThread "stdout" [_thread_in_native, id=12832, stack(0x000000db00e00000,0x000000db00f00000)]
  0x00000239c69c8800 JavaThread "stderr" [_thread_in_native, id=16160, stack(0x000000db00f00000,0x000000db01000000)]
  0x00000239c69c3000 JavaThread "stdout" [_thread_in_native, id=10136, stack(0x000000db01000000,0x000000db01100000)]
  0x00000239ccdd9000 JavaThread "stderr" [_thread_in_native, id=7840, stack(0x000000db01100000,0x000000db01200000)]
  0x00000239ccddc800 JavaThread "stdout" [_thread_in_native, id=9884, stack(0x000000db01200000,0x000000db01300000)]
  0x00000239ccdda000 JavaThread "stderr" [_thread_in_native, id=14192, stack(0x000000db01300000,0x000000db01400000)]
  0x00000239ccddb000 JavaThread "stdout" [_thread_in_native, id=6148, stack(0x000000db01400000,0x000000db01500000)]
  0x00000239ccdd8800 JavaThread "stderr" [_thread_in_native, id=16280, stack(0x000000db01500000,0x000000db01600000)]
  0x00000239ccddf800 JavaThread "stdout" [_thread_in_native, id=1620, stack(0x000000db01600000,0x000000db01700000)]
  0x00000239ccde2000 JavaThread "WorkerExecutor Queue Thread 17" [_thread_blocked, id=14436, stack(0x000000db01900000,0x000000db01a00000)]
  0x00000239ccde0800 JavaThread "WorkerExecutor Queue Thread 18" [_thread_blocked, id=4148, stack(0x000000db01a00000,0x000000db01b00000)]
  0x00000239ccde3800 JavaThread "Cache worker for Java compile cache (C:\Users\WeiQi\.gradle\caches\6.5\javaCompile)" [_thread_blocked, id=2632, stack(0x000000db01b00000,0x000000db01c00000)]
  0x00000239ccddf000 JavaThread "Cache worker for Java compile cache (D:\AndroidStudioProjects\Number-Plate-Scanner-master\Number-Plate-Scanner-master\.gradle\6.5\javaCompile)" [_thread_blocked, id=13504, stack(0x000000db01c00000,0x000000db01d00000)]
  0x00000239ccde4800 JavaThread "WorkerExecutor Queue Thread 20" [_thread_blocked, id=15928, stack(0x000000db01700000,0x000000db01800000)]
  0x00000239ccdeb000 JavaThread "WorkerExecutor Queue Thread 21" [_thread_blocked, id=8744, stack(0x000000db01800000,0x000000db01900000)]
  0x00000239ccde6000 JavaThread "WorkerExecutor Queue Thread 22" [_thread_blocked, id=13364, stack(0x000000db01d00000,0x000000db01e00000)]
  0x00000239ccde8000 JavaThread "WorkerExecutor Queue Thread 23" [_thread_blocked, id=12744, stack(0x000000db01e00000,0x000000db01f00000)]
  0x00000239ccde8800 JavaThread "WorkerExecutor Queue Thread 24" [_thread_blocked, id=10152, stack(0x000000db01f00000,0x000000db02000000)]
  0x00000239ccde5800 JavaThread "WorkerExecutor Queue Thread 25" [_thread_blocked, id=14472, stack(0x000000db02000000,0x000000db02100000)]
  0x00000239ccdde000 JavaThread "ForkJoinPool.commonPool-worker-19" daemon [_thread_blocked, id=1444, stack(0x000000db00100000,0x000000db00200000)]
  0x00000239ccdf1000 JavaThread "ForkJoinPool.commonPool-worker-5" daemon [_thread_blocked, id=10888, stack(0x000000db02100000,0x000000db02200000)]
  0x00000239ccdee800 JavaThread "ForkJoinPool.commonPool-worker-23" daemon [_thread_blocked, id=15420, stack(0x000000db02200000,0x000000db02300000)]
  0x00000239ccdef000 JavaThread "ForkJoinPool.commonPool-worker-9" daemon [_thread_blocked, id=13608, stack(0x000000db02300000,0x000000db02400000)]
  0x00000239ccdf1800 JavaThread "ForkJoinPool.commonPool-worker-27" daemon [_thread_blocked, id=8824, stack(0x000000db02400000,0x000000db02500000)]
  0x00000239ccdec000 JavaThread "ForkJoinPool.commonPool-worker-13" daemon [_thread_blocked, id=10576, stack(0x000000db02500000,0x000000db02600000)]
  0x00000239ccdf2800 JavaThread "ForkJoinPool.commonPool-worker-31" daemon [_thread_blocked, id=3480, stack(0x000000db02600000,0x000000db02700000)]
  0x00000239ccdec800 JavaThread "ForkJoinPool.commonPool-worker-17" daemon [_thread_blocked, id=13756, stack(0x000000db02700000,0x000000db02800000)]
  0x00000239ccdf3800 JavaThread "ForkJoinPool.commonPool-worker-3" daemon [_thread_blocked, id=15048, stack(0x000000db02800000,0x000000db02900000)]
  0x00000239ccdf5000 JavaThread "ForkJoinPool.commonPool-worker-21" daemon [_thread_blocked, id=11348, stack(0x000000db02900000,0x000000db02a00000)]
  0x00000239ccdf5800 JavaThread "ForkJoinPool.commonPool-worker-7" daemon [_thread_blocked, id=2608, stack(0x000000db02a00000,0x000000db02b00000)]
  0x00000239ccdf4000 JavaThread "C2 CompilerThread1" daemon [_thread_blocked, id=3640, stack(0x000000db02b00000,0x000000db02c00000)]
  0x00000239ccdf6800 JavaThread "C2 CompilerThread2" daemon [_thread_in_native, id=1748, stack(0x000000db02c00000,0x000000db02d00000)]

Other Threads:
=>0x00000239c15d0800 VMThread "VM Thread" [stack: 0x000000db74f00000,0x000000db75000000] [id=340]
  0x00000239c2010800 WatcherThread [stack: 0x000000db75900000,0x000000db75a00000] [id=11012]
  0x00000239a8890000 GCTaskThread "GC Thread#0" [stack: 0x000000db74a00000,0x000000db74b00000] [id=4056]
  0x00000239c2b90000 GCTaskThread "GC Thread#1" [stack: 0x000000db75b00000,0x000000db75c00000] [id=15732]
  0x00000239c2b8d000 GCTaskThread "GC Thread#2" [stack: 0x000000db75c00000,0x000000db75d00000] [id=14756]
  0x00000239c2955000 GCTaskThread "GC Thread#3" [stack: 0x000000db75d00000,0x000000db75e00000] [id=4212]
  0x00000239c2cde000 GCTaskThread "GC Thread#4" [stack: 0x000000db75e00000,0x000000db75f00000] [id=9208]
  0x00000239c2cdf000 GCTaskThread "GC Thread#5" [stack: 0x000000db75f00000,0x000000db76000000] [id=8068]
  0x00000239c31ee800 GCTaskThread "GC Thread#6" [stack: 0x000000db76e00000,0x000000db76f00000] [id=7668]
  0x00000239c3196800 GCTaskThread "GC Thread#7" [stack: 0x000000db76f00000,0x000000db77000000] [id=14948]
  0x00000239c2ab3800 GCTaskThread "GC Thread#8" [stack: 0x000000db77000000,0x000000db77100000] [id=7452]
  0x00000239c3d6d800 GCTaskThread "GC Thread#9" [stack: 0x000000db77100000,0x000000db77200000] [id=11676]
  0x00000239a88a5000 ConcurrentGCThread "G1 Main Marker" [stack: 0x000000db74b00000,0x000000db74c00000] [id=4372]
  0x00000239a88a6800 ConcurrentGCThread "G1 Conc#0" [stack: 0x000000db74c00000,0x000000db74d00000] [id=10696]
  0x00000239c3e2d000 ConcurrentGCThread "G1 Conc#1" [stack: 0x000000db77200000,0x000000db77300000] [id=15504]
  0x00000239c4041800 ConcurrentGCThread "G1 Conc#2" [stack: 0x000000db77300000,0x000000db77400000] [id=14432]
  0x00000239a895e000 ConcurrentGCThread "G1 Refine#0" [stack: 0x000000db74d00000,0x000000db74e00000] [id=1012]
  0x00000239c68ba000 ConcurrentGCThread "G1 Refine#1" [stack: 0x000000db7e700000,0x000000db7e800000] [id=4500]
  0x00000239c4270000 ConcurrentGCThread "G1 Refine#2" [stack: 0x000000db00400000,0x000000db00500000] [id=7184]
  0x00000239c3100800 ConcurrentGCThread "G1 Refine#3" [stack: 0x000000db00500000,0x000000db00600000] [id=1156]
  0x00000239c4748000 ConcurrentGCThread "G1 Refine#4" [stack: 0x000000db00600000,0x000000db00700000] [id=6504]
  0x00000239c1472800 ConcurrentGCThread "G1 Young RemSet Sampling" [stack: 0x000000db74e00000,0x000000db74f00000] [id=5208]

Threads with active compile tasks:
C2 CompilerThread0 127893 18591       4       com.android.tools.r8.utils.T::d (290 bytes)
C2 CompilerThread1 127893 18570 %     4       com.android.tools.r8.graph.u::a @ 45 (173 bytes)
C2 CompilerThread2 127893 18500 %     4       com.android.tools.r8.z.a.a.f::a @ 1743 (3630 bytes)

VM state:at safepoint (normal execution)

VM Mutex/Monitor currently owned by a thread:  ([mutex/lock_event])
[0x00000239a87ebe20] Threads_lock - owner thread: 0x00000239c15d0800
[0x00000239a87eb250] Heap_lock - owner thread: 0x00000239ccdde000

Heap address: 0x00000000e0000000, size: 512 MB, Compressed Oops mode: 32-bit
Narrow klass base: 0x0000000000000000, Narrow klass shift: 3
Compressed class space size: 260046848 Address: 0x0000000100000000

Heap:
 garbage-first heap   total 302080K, used 204745K [0x00000000e0000000, 0x0000000100000000)
  region size 1024K, 4 young (4096K), 4 survivors (4096K)
 Metaspace       used 109401K, capacity 112282K, committed 115664K, reserved 354304K
  class space    used 13781K, capacity 14827K, committed 16256K, reserved 253952K
Heap Regions: E=young(eden), S=young(survivor), O=old, HS=humongous(starts), HC=humongous(continues), CS=collection set, F=free, A=archive, TAMS=top-at-mark-start (previous, next)
|   0|0x00000000e0000000, 0x00000000e0100000, 0x00000000e0100000|100%| O|  |TAMS 0x00000000e0100000, 0x00000000e0100000| Untracked 
|   1|0x00000000e0100000, 0x00000000e0200000, 0x00000000e0200000|100%| O|  |TAMS 0x00000000e0200000, 0x00000000e0200000| Untracked 
|   2|0x00000000e0200000, 0x00000000e0300000, 0x00000000e0300000|100%| O|  |TAMS 0x00000000e0300000, 0x00000000e0300000| Untracked 
|   3|0x00000000e0300000, 0x00000000e0400000, 0x00000000e0400000|100%|HS|  |TAMS 0x00000000e0400000, 0x00000000e0400000| Complete 
|   4|0x00000000e0400000, 0x00000000e0500000, 0x00000000e0500000|100%|HC|  |TAMS 0x00000000e0500000, 0x00000000e0500000| Complete 
|   5|0x00000000e0500000, 0x00000000e0600000, 0x00000000e0600000|100%|HC|  |TAMS 0x00000000e0600000, 0x00000000e0600000| Complete 
|   6|0x00000000e0600000, 0x00000000e0700000, 0x00000000e0700000|100%| O|  |TAMS 0x00000000e0700000, 0x00000000e0700000| Untracked 
|   7|0x00000000e0700000, 0x00000000e0800000, 0x00000000e0800000|100%| O|  |TAMS 0x00000000e0800000, 0x00000000e0800000| Untracked 
|   8|0x00000000e0800000, 0x00000000e0900000, 0x00000000e0900000|100%| O|  |TAMS 0x00000000e0900000, 0x00000000e0900000| Untracked 
|   9|0x00000000e0900000, 0x00000000e0a00000, 0x00000000e0a00000|100%| O|  |TAMS 0x00000000e0a00000, 0x00000000e0a00000| Untracked 
|  10|0x00000000e0a00000, 0x00000000e0b00000, 0x00000000e0b00000|100%| O|  |TAMS 0x00000000e0b00000, 0x00000000e0b00000| Untracked 
|  11|0x00000000e0b00000, 0x00000000e0c00000, 0x00000000e0c00000|100%| O|  |TAMS 0x00000000e0c00000, 0x00000000e0c00000| Untracked 
|  12|0x00000000e0c00000, 0x00000000e0d00000, 0x00000000e0d00000|100%| O|  |TAMS 0x00000000e0d00000, 0x00000000e0d00000| Untracked 
|  13|0x00000000e0d00000, 0x00000000e0e00000, 0x00000000e0e00000|100%| O|  |TAMS 0x00000000e0e00000, 0x00000000e0e00000| Untracked 
|  14|0x00000000e0e00000, 0x00000000e0f00000, 0x00000000e0f00000|100%| O|  |TAMS 0x00000000e0f00000, 0x00000000e0f00000| Untracked 
|  15|0x00000000e0f00000, 0x00000000e1000000, 0x00000000e1000000|100%| O|  |TAMS 0x00000000e1000000, 0x00000000e1000000| Untracked 
|  16|0x00000000e1000000, 0x00000000e1100000, 0x00000000e1100000|100%|HS|  |TAMS 0x00000000e1100000, 0x00000000e1100000| Complete 
|  17|0x00000000e1100000, 0x00000000e1200000, 0x00000000e1200000|100%|HS|  |TAMS 0x00000000e1200000, 0x00000000e1200000| Complete 
|  18|0x00000000e1200000, 0x00000000e1300000, 0x00000000e1300000|100%|HC|  |TAMS 0x00000000e1300000, 0x00000000e1300000| Complete 
|  19|0x00000000e1300000, 0x00000000e1400000, 0x00000000e1400000|100%| O|  |TAMS 0x00000000e1400000, 0x00000000e1400000| Untracked 
|  20|0x00000000e1400000, 0x00000000e1500000, 0x00000000e1500000|100%| O|  |TAMS 0x00000000e1500000, 0x00000000e1500000| Untracked 
|  21|0x00000000e1500000, 0x00000000e1600000, 0x00000000e1600000|100%| O|  |TAMS 0x00000000e1600000, 0x00000000e1600000| Untracked 
|  22|0x00000000e1600000, 0x00000000e1700000, 0x00000000e1700000|100%| O|  |TAMS 0x00000000e1700000, 0x00000000e1700000| Untracked 
|  23|0x00000000e1700000, 0x00000000e1800000, 0x00000000e1800000|100%| O|  |TAMS 0x00000000e1800000, 0x00000000e1800000| Untracked 
|  24|0x00000000e1800000, 0x00000000e1900000, 0x00000000e1900000|100%| O|  |TAMS 0x00000000e1900000, 0x00000000e1900000| Untracked 
|  25|0x00000000e1900000, 0x00000000e1a00000, 0x00000000e1a00000|100%| O|  |TAMS 0x00000000e1a00000, 0x00000000e1a00000| Untracked 
|  26|0x00000000e1a00000, 0x00000000e1b00000, 0x00000000e1b00000|100%| O|  |TAMS 0x00000000e1b00000, 0x00000000e1b00000| Untracked 
|  27|0x00000000e1b00000, 0x00000000e1c00000, 0x00000000e1c00000|100%| O|  |TAMS 0x00000000e1c00000, 0x00000000e1c00000| Untracked 
|  28|0x00000000e1c00000, 0x00000000e1d00000, 0x00000000e1d00000|100%| O|  |TAMS 0x00000000e1d00000, 0x00000000e1d00000| Untracked 
|  29|0x00000000e1d00000, 0x00000000e1e00000, 0x00000000e1e00000|100%| O|  |TAMS 0x00000000e1e00000, 0x00000000e1e00000| Untracked 
|  30|0x00000000e1e00000, 0x00000000e1f00000, 0x00000000e1f00000|100%| O|  |TAMS 0x00000000e1f00000, 0x00000000e1f00000| Untracked 
|  31|0x00000000e1f00000, 0x00000000e2000000, 0x00000000e2000000|100%| O|  |TAMS 0x00000000e2000000, 0x00000000e2000000| Untracked 
|  32|0x00000000e2000000, 0x00000000e2100000, 0x00000000e2100000|100%| O|  |TAMS 0x00000000e2100000, 0x00000000e2100000| Untracked 
|  33|0x00000000e2100000, 0x00000000e2200000, 0x00000000e2200000|100%| O|  |TAMS 0x00000000e2200000, 0x00000000e2200000| Untracked 
|  34|0x00000000e2200000, 0x00000000e2300000, 0x00000000e2300000|100%| O|  |TAMS 0x00000000e2300000, 0x00000000e2300000| Untracked 
|  35|0x00000000e2300000, 0x00000000e2400000, 0x00000000e2400000|100%| O|  |TAMS 0x00000000e2400000, 0x00000000e2400000| Untracked 
|  36|0x00000000e2400000, 0x00000000e2500000, 0x00000000e2500000|100%| O|  |TAMS 0x00000000e2500000, 0x00000000e2500000| Untracked 
|  37|0x00000000e2500000, 0x00000000e2600000, 0x00000000e2600000|100%| O|  |TAMS 0x00000000e2600000, 0x00000000e2600000| Untracked 
|  38|0x00000000e2600000, 0x00000000e2700000, 0x00000000e2700000|100%| O|  |TAMS 0x00000000e2700000, 0x00000000e2700000| Untracked 
|  39|0x00000000e2700000, 0x00000000e2800000, 0x00000000e2800000|100%| O|  |TAMS 0x00000000e2800000, 0x00000000e2800000| Untracked 
|  40|0x00000000e2800000, 0x00000000e2900000, 0x00000000e2900000|100%| O|  |TAMS 0x00000000e2900000, 0x00000000e2900000| Untracked 
|  41|0x00000000e2900000, 0x00000000e2a00000, 0x00000000e2a00000|100%| O|  |TAMS 0x00000000e2a00000, 0x00000000e2a00000| Untracked 
|  42|0x00000000e2a00000, 0x00000000e2b00000, 0x00000000e2b00000|100%| O|  |TAMS 0x00000000e2b00000, 0x00000000e2b00000| Untracked 
|  43|0x00000000e2b00000, 0x00000000e2c00000, 0x00000000e2c00000|100%| O|  |TAMS 0x00000000e2c00000, 0x00000000e2c00000| Untracked 
|  44|0x00000000e2c00000, 0x00000000e2d00000, 0x00000000e2d00000|100%| O|  |TAMS 0x00000000e2d00000, 0x00000000e2d00000| Untracked 
|  45|0x00000000e2d00000, 0x00000000e2e00000, 0x00000000e2e00000|100%| O|  |TAMS 0x00000000e2e00000, 0x00000000e2e00000| Untracked 
|  46|0x00000000e2e00000, 0x00000000e2f00000, 0x00000000e2f00000|100%| O|  |TAMS 0x00000000e2f00000, 0x00000000e2f00000| Untracked 
|  47|0x00000000e2f00000, 0x00000000e3000000, 0x00000000e3000000|100%| O|  |TAMS 0x00000000e3000000, 0x00000000e3000000| Untracked 
|  48|0x00000000e3000000, 0x00000000e3100000, 0x00000000e3100000|100%| O|  |TAMS 0x00000000e3100000, 0x00000000e3100000| Untracked 
|  49|0x00000000e3100000, 0x00000000e3200000, 0x00000000e3200000|100%| O|  |TAMS 0x00000000e3200000, 0x00000000e3200000| Untracked 
|  50|0x00000000e3200000, 0x00000000e3300000, 0x00000000e3300000|100%| O|  |TAMS 0x00000000e3300000, 0x00000000e3300000| Untracked 
|  51|0x00000000e3300000, 0x00000000e3400000, 0x00000000e3400000|100%| O|  |TAMS 0x00000000e3400000, 0x00000000e3400000| Untracked 
|  52|0x00000000e3400000, 0x00000000e3500000, 0x00000000e3500000|100%| O|  |TAMS 0x00000000e3500000, 0x00000000e3500000| Untracked 
|  53|0x00000000e3500000, 0x00000000e3600000, 0x00000000e3600000|100%| O|  |TAMS 0x00000000e3600000, 0x00000000e3600000| Untracked 
|  54|0x00000000e3600000, 0x00000000e3700000, 0x00000000e3700000|100%| O|  |TAMS 0x00000000e3700000, 0x00000000e3700000| Untracked 
|  55|0x00000000e3700000, 0x00000000e3800000, 0x00000000e3800000|100%| O|  |TAMS 0x00000000e3800000, 0x00000000e3800000| Untracked 
|  56|0x00000000e3800000, 0x00000000e3900000, 0x00000000e3900000|100%| O|  |TAMS 0x00000000e3900000, 0x00000000e3900000| Untracked 
|  57|0x00000000e3900000, 0x00000000e3a00000, 0x00000000e3a00000|100%| O|  |TAMS 0x00000000e3a00000, 0x00000000e3a00000| Untracked 
|  58|0x00000000e3a00000, 0x00000000e3b00000, 0x00000000e3b00000|100%| O|  |TAMS 0x00000000e3b00000, 0x00000000e3b00000| Untracked 
|  59|0x00000000e3b00000, 0x00000000e3c00000, 0x00000000e3c00000|100%| O|  |TAMS 0x00000000e3c00000, 0x00000000e3c00000| Untracked 
|  60|0x00000000e3c00000, 0x00000000e3d00000, 0x00000000e3d00000|100%| O|  |TAMS 0x00000000e3d00000, 0x00000000e3d00000| Untracked 
|  61|0x00000000e3d00000, 0x00000000e3e00000, 0x00000000e3e00000|100%| O|  |TAMS 0x00000000e3e00000, 0x00000000e3e00000| Untracked 
|  62|0x00000000e3e00000, 0x00000000e3f00000, 0x00000000e3f00000|100%| O|  |TAMS 0x00000000e3f00000, 0x00000000e3f00000| Untracked 
|  63|0x00000000e3f00000, 0x00000000e4000000, 0x00000000e4000000|100%| O|  |TAMS 0x00000000e4000000, 0x00000000e4000000| Untracked 
|  64|0x00000000e4000000, 0x00000000e4100000, 0x00000000e4100000|100%| O|  |TAMS 0x00000000e4100000, 0x00000000e4100000| Untracked 
|  65|0x00000000e4100000, 0x00000000e4200000, 0x00000000e4200000|100%| O|  |TAMS 0x00000000e4200000, 0x00000000e4200000| Untracked 
|  66|0x00000000e4200000, 0x00000000e4300000, 0x00000000e4300000|100%| O|  |TAMS 0x00000000e4300000, 0x00000000e4300000| Untracked 
|  67|0x00000000e4300000, 0x00000000e4400000, 0x00000000e4400000|100%| O|  |TAMS 0x00000000e4400000, 0x00000000e4400000| Untracked 
|  68|0x00000000e4400000, 0x00000000e4500000, 0x00000000e4500000|100%| O|  |TAMS 0x00000000e4500000, 0x00000000e4500000| Untracked 
|  69|0x00000000e4500000, 0x00000000e4600000, 0x00000000e4600000|100%| O|  |TAMS 0x00000000e4600000, 0x00000000e4600000| Untracked 
|  70|0x00000000e4600000, 0x00000000e4700000, 0x00000000e4700000|100%| O|  |TAMS 0x00000000e4700000, 0x00000000e4700000| Untracked 
|  71|0x00000000e4700000, 0x00000000e4800000, 0x00000000e4800000|100%| O|  |TAMS 0x00000000e4800000, 0x00000000e4800000| Untracked 
|  72|0x00000000e4800000, 0x00000000e4900000, 0x00000000e4900000|100%| O|  |TAMS 0x00000000e4900000, 0x00000000e4900000| Untracked 
|  73|0x00000000e4900000, 0x00000000e4a00000, 0x00000000e4a00000|100%| O|  |TAMS 0x00000000e4a00000, 0x00000000e4a00000| Untracked 
|  74|0x00000000e4a00000, 0x00000000e4b00000, 0x00000000e4b00000|100%| O|  |TAMS 0x00000000e4b00000, 0x00000000e4b00000| Untracked 
|  75|0x00000000e4b00000, 0x00000000e4c00000, 0x00000000e4c00000|100%| O|  |TAMS 0x00000000e4c00000, 0x00000000e4c00000| Untracked 
|  76|0x00000000e4c00000, 0x00000000e4d00000, 0x00000000e4d00000|100%| O|  |TAMS 0x00000000e4d00000, 0x00000000e4d00000| Untracked 
|  77|0x00000000e4d00000, 0x00000000e4e00000, 0x00000000e4e00000|100%| O|  |TAMS 0x00000000e4e00000, 0x00000000e4e00000| Untracked 
|  78|0x00000000e4e00000, 0x00000000e4f00000, 0x00000000e4f00000|100%| O|  |TAMS 0x00000000e4f00000, 0x00000000e4f00000| Untracked 
|  79|0x00000000e4f00000, 0x00000000e5000000, 0x00000000e5000000|100%| O|  |TAMS 0x00000000e5000000, 0x00000000e5000000| Untracked 
|  80|0x00000000e5000000, 0x00000000e5100000, 0x00000000e5100000|100%| O|  |TAMS 0x00000000e5100000, 0x00000000e5100000| Untracked 
|  81|0x00000000e5100000, 0x00000000e5200000, 0x00000000e5200000|100%| O|  |TAMS 0x00000000e5200000, 0x00000000e5200000| Untracked 
|  82|0x00000000e5200000, 0x00000000e5300000, 0x00000000e5300000|100%| O|  |TAMS 0x00000000e5300000, 0x00000000e5300000| Untracked 
|  83|0x00000000e5300000, 0x00000000e5400000, 0x00000000e5400000|100%| O|  |TAMS 0x00000000e5400000, 0x00000000e5400000| Untracked 
|  84|0x00000000e5400000, 0x00000000e5500000, 0x00000000e5500000|100%| O|  |TAMS 0x00000000e5500000, 0x00000000e5500000| Untracked 
|  85|0x00000000e5500000, 0x00000000e5600000, 0x00000000e5600000|100%| O|  |TAMS 0x00000000e5600000, 0x00000000e5600000| Untracked 
|  86|0x00000000e5600000, 0x00000000e5700000, 0x00000000e5700000|100%| O|  |TAMS 0x00000000e5700000, 0x00000000e5700000| Untracked 
|  87|0x00000000e5700000, 0x00000000e5800000, 0x00000000e5800000|100%| O|  |TAMS 0x00000000e5700000, 0x00000000e5800000| Untracked 
|  88|0x00000000e5800000, 0x00000000e5900000, 0x00000000e5900000|100%| O|  |TAMS 0x00000000e5900000, 0x00000000e5900000| Untracked 
|  89|0x00000000e5900000, 0x00000000e5a00000, 0x00000000e5a00000|100%| O|  |TAMS 0x00000000e5900000, 0x00000000e5a00000| Untracked 
|  90|0x00000000e5a00000, 0x00000000e5b00000, 0x00000000e5b00000|100%| O|  |TAMS 0x00000000e5b00000, 0x00000000e5b00000| Untracked 
|  91|0x00000000e5b00000, 0x00000000e5c00000, 0x00000000e5c00000|100%| O|  |TAMS 0x00000000e5b00000, 0x00000000e5c00000| Untracked 
|  92|0x00000000e5c00000, 0x00000000e5d00000, 0x00000000e5d00000|100%| O|  |TAMS 0x00000000e5c00000, 0x00000000e5d00000| Untracked 
|  93|0x00000000e5d00000, 0x00000000e5e00000, 0x00000000e5e00000|100%| O|  |TAMS 0x00000000e5e00000, 0x00000000e5e00000| Untracked 
|  94|0x00000000e5e00000, 0x00000000e5f00000, 0x00000000e5f00000|100%| O|  |TAMS 0x00000000e5e00000, 0x00000000e5f00000| Untracked 
|  95|0x00000000e5f00000, 0x00000000e6000000, 0x00000000e6000000|100%| O|  |TAMS 0x00000000e6000000, 0x00000000e6000000| Untracked 
|  96|0x00000000e6000000, 0x00000000e6100000, 0x00000000e6100000|100%| O|  |TAMS 0x00000000e6000000, 0x00000000e6100000| Untracked 
|  97|0x00000000e6100000, 0x00000000e6200000, 0x00000000e6200000|100%| O|  |TAMS 0x00000000e6100000, 0x00000000e6200000| Untracked 
|  98|0x00000000e6200000, 0x00000000e6300000, 0x00000000e6300000|100%| O|  |TAMS 0x00000000e6200000, 0x00000000e6300000| Untracked 
|  99|0x00000000e6300000, 0x00000000e6400000, 0x00000000e6400000|100%| O|  |TAMS 0x00000000e6300000, 0x00000000e6400000| Untracked 
| 100|0x00000000e6400000, 0x00000000e6500000, 0x00000000e6500000|100%| O|  |TAMS 0x00000000e6500000, 0x00000000e6500000| Untracked 
| 101|0x00000000e6500000, 0x00000000e6600000, 0x00000000e6600000|100%| O|  |TAMS 0x00000000e6600000, 0x00000000e6600000| Untracked 
| 102|0x00000000e6600000, 0x00000000e6700000, 0x00000000e6700000|100%| O|  |TAMS 0x00000000e6600000, 0x00000000e6700000| Untracked 
| 103|0x00000000e6700000, 0x00000000e6800000, 0x00000000e6800000|100%| O|  |TAMS 0x00000000e6700000, 0x00000000e6800000| Untracked 
| 104|0x00000000e6800000, 0x00000000e6900000, 0x00000000e6900000|100%| O|  |TAMS 0x00000000e6900000, 0x00000000e6900000| Untracked 
| 105|0x00000000e6900000, 0x00000000e6a00000, 0x00000000e6a00000|100%| O|  |TAMS 0x00000000e6a00000, 0x00000000e6a00000| Untracked 
| 106|0x00000000e6a00000, 0x00000000e6b00000, 0x00000000e6b00000|100%| O|  |TAMS 0x00000000e6b00000, 0x00000000e6b00000| Untracked 
| 107|0x00000000e6b00000, 0x00000000e6c00000, 0x00000000e6c00000|100%| O|  |TAMS 0x00000000e6c00000, 0x00000000e6c00000| Untracked 
| 108|0x00000000e6c00000, 0x00000000e6d00000, 0x00000000e6d00000|100%| O|  |TAMS 0x00000000e6c00000, 0x00000000e6d00000| Untracked 
| 109|0x00000000e6d00000, 0x00000000e6e00000, 0x00000000e6e00000|100%| O|  |TAMS 0x00000000e6e00000, 0x00000000e6e00000| Untracked 
| 110|0x00000000e6e00000, 0x00000000e6f00000, 0x00000000e6f00000|100%| O|  |TAMS 0x00000000e6e00000, 0x00000000e6f00000| Untracked 
| 111|0x00000000e6f00000, 0x00000000e7000000, 0x00000000e7000000|100%| O|  |TAMS 0x00000000e7000000, 0x00000000e7000000| Untracked 
| 112|0x00000000e7000000, 0x00000000e7100000, 0x00000000e7100000|100%| O|  |TAMS 0x00000000e7000000, 0x00000000e7100000| Untracked 
| 113|0x00000000e7100000, 0x00000000e7200000, 0x00000000e7200000|100%| O|  |TAMS 0x00000000e7100000, 0x00000000e7200000| Untracked 
| 114|0x00000000e7200000, 0x00000000e7300000, 0x00000000e7300000|100%| O|  |TAMS 0x00000000e7200000, 0x00000000e7300000| Untracked 
| 115|0x00000000e7300000, 0x00000000e7400000, 0x00000000e7400000|100%| O|  |TAMS 0x00000000e7400000, 0x00000000e7400000| Untracked 
| 116|0x00000000e7400000, 0x00000000e7500000, 0x00000000e7500000|100%|HS|  |TAMS 0x00000000e7500000, 0x00000000e7500000| Complete 
| 117|0x00000000e7500000, 0x00000000e7600000, 0x00000000e7600000|100%|HC|  |TAMS 0x00000000e7600000, 0x00000000e7600000| Complete 
| 118|0x00000000e7600000, 0x00000000e7700000, 0x00000000e7700000|100%| O|  |TAMS 0x00000000e7700000, 0x00000000e7700000| Untracked 
| 119|0x00000000e7700000, 0x00000000e7800000, 0x00000000e7800000|100%| O|  |TAMS 0x00000000e7800000, 0x00000000e7800000| Untracked 
| 120|0x00000000e7800000, 0x00000000e7900000, 0x00000000e7900000|100%| O|  |TAMS 0x00000000e7900000, 0x00000000e7900000| Untracked 
| 121|0x00000000e7900000, 0x00000000e7a00000, 0x00000000e7a00000|100%| O|  |TAMS 0x00000000e7900000, 0x00000000e7a00000| Untracked 
| 122|0x00000000e7a00000, 0x00000000e7b00000, 0x00000000e7b00000|100%| O|  |TAMS 0x00000000e7b00000, 0x00000000e7b00000| Untracked 
| 123|0x00000000e7b00000, 0x00000000e7c00000, 0x00000000e7c00000|100%| O|  |TAMS 0x00000000e7c00000, 0x00000000e7c00000| Untracked 
| 124|0x00000000e7c00000, 0x00000000e7d00000, 0x00000000e7d00000|100%| O|  |TAMS 0x00000000e7d00000, 0x00000000e7d00000| Untracked 
| 125|0x00000000e7d00000, 0x00000000e7e00000, 0x00000000e7e00000|100%| O|  |TAMS 0x00000000e7e00000, 0x00000000e7e00000| Untracked 
| 126|0x00000000e7e00000, 0x00000000e7f00000, 0x00000000e7f00000|100%| O|  |TAMS 0x00000000e7f00000, 0x00000000e7f00000| Untracked 
| 127|0x00000000e7f00000, 0x00000000e8000000, 0x00000000e8000000|100%| O|  |TAMS 0x00000000e8000000, 0x00000000e8000000| Untracked 
| 128|0x00000000e8000000, 0x00000000e8100000, 0x00000000e8100000|100%| O|  |TAMS 0x00000000e8100000, 0x00000000e8100000| Untracked 
| 129|0x00000000e8100000, 0x00000000e8200000, 0x00000000e8200000|100%| O|  |TAMS 0x00000000e8200000, 0x00000000e8200000| Untracked 
| 130|0x00000000e8200000, 0x00000000e8300000, 0x00000000e8300000|100%| O|  |TAMS 0x00000000e8300000, 0x00000000e8300000| Untracked 
| 131|0x00000000e8300000, 0x00000000e8400000, 0x00000000e8400000|100%| O|  |TAMS 0x00000000e8400000, 0x00000000e8400000| Untracked 
| 132|0x00000000e8400000, 0x00000000e8500000, 0x00000000e8500000|100%| O|  |TAMS 0x00000000e8500000, 0x00000000e8500000| Untracked 
| 133|0x00000000e8500000, 0x00000000e8600000, 0x00000000e8600000|100%| O|  |TAMS 0x00000000e8500000, 0x00000000e8600000| Untracked 
| 134|0x00000000e8600000, 0x00000000e8700000, 0x00000000e8700000|100%| O|  |TAMS 0x00000000e8700000, 0x00000000e8700000| Untracked 
| 135|0x00000000e8700000, 0x00000000e8800000, 0x00000000e8800000|100%| O|  |TAMS 0x00000000e8800000, 0x00000000e8800000| Untracked 
| 136|0x00000000e8800000, 0x00000000e8900000, 0x00000000e8900000|100%| O|  |TAMS 0x00000000e8800000, 0x00000000e8900000| Untracked 
| 137|0x00000000e8900000, 0x00000000e8a00000, 0x00000000e8a00000|100%| O|  |TAMS 0x00000000e8900000, 0x00000000e8a00000| Untracked 
| 138|0x00000000e8a00000, 0x00000000e8b00000, 0x00000000e8b00000|100%| O|  |TAMS 0x00000000e8b00000, 0x00000000e8b00000| Untracked 
| 139|0x00000000e8b00000, 0x00000000e8c00000, 0x00000000e8c00000|100%| O|  |TAMS 0x00000000e8c00000, 0x00000000e8c00000| Untracked 
| 140|0x00000000e8c00000, 0x00000000e8d00000, 0x00000000e8d00000|100%| O|  |TAMS 0x00000000e8c00000, 0x00000000e8d00000| Untracked 
| 141|0x00000000e8d00000, 0x00000000e8e00000, 0x00000000e8e00000|100%| O|  |TAMS 0x00000000e8d00000, 0x00000000e8e00000| Untracked 
| 142|0x00000000e8e00000, 0x00000000e8f00000, 0x00000000e8f00000|100%| O|  |TAMS 0x00000000e8e00000, 0x00000000e8f00000| Untracked 
| 143|0x00000000e8f00000, 0x00000000e9000000, 0x00000000e9000000|100%| O|  |TAMS 0x00000000e8f00000, 0x00000000e9000000| Untracked 
| 144|0x00000000e9000000, 0x00000000e9100000, 0x00000000e9100000|100%| O|  |TAMS 0x00000000e9000000, 0x00000000e9100000| Untracked 
| 145|0x00000000e9100000, 0x00000000e9200000, 0x00000000e9200000|100%| O|  |TAMS 0x00000000e9100000, 0x00000000e9200000| Untracked 
| 146|0x00000000e9200000, 0x00000000e9300000, 0x00000000e9300000|100%| O|  |TAMS 0x00000000e9300000, 0x00000000e9300000| Untracked 
| 147|0x00000000e9300000, 0x00000000e9400000, 0x00000000e9400000|100%| O|  |TAMS 0x00000000e9400000, 0x00000000e9400000| Untracked 
| 148|0x00000000e9400000, 0x00000000e9500000, 0x00000000e9500000|100%| O|  |TAMS 0x00000000e9500000, 0x00000000e9500000| Untracked 
| 149|0x00000000e9500000, 0x00000000e9600000, 0x00000000e9600000|100%| O|  |TAMS 0x00000000e9600000, 0x00000000e9600000| Untracked 
| 150|0x00000000e9600000, 0x00000000e9700000, 0x00000000e9700000|100%| O|  |TAMS 0x00000000e9700000, 0x00000000e9700000| Untracked 
| 151|0x00000000e9700000, 0x00000000e9800000, 0x00000000e9800000|100%| O|  |TAMS 0x00000000e9800000, 0x00000000e9800000| Untracked 
| 152|0x00000000e9800000, 0x00000000e9900000, 0x00000000e9900000|100%| O|  |TAMS 0x00000000e9900000, 0x00000000e9900000| Untracked 
| 153|0x00000000e9900000, 0x00000000e9a00000, 0x00000000e9a00000|100%| O|  |TAMS 0x00000000e9900000, 0x00000000e9a00000| Untracked 
| 154|0x00000000e9a00000, 0x00000000e9b00000, 0x00000000e9b00000|100%| O|  |TAMS 0x00000000e9a00000, 0x00000000e9b00000| Untracked 
| 155|0x00000000e9b00000, 0x00000000e9c00000, 0x00000000e9c00000|100%| O|  |TAMS 0x00000000e9c00000, 0x00000000e9c00000| Untracked 
| 156|0x00000000e9c00000, 0x00000000e9d00000, 0x00000000e9d00000|100%| O|  |TAMS 0x00000000e9d00000, 0x00000000e9d00000| Untracked 
| 157|0x00000000e9d00000, 0x00000000e9e00000, 0x00000000e9e00000|100%| O|  |TAMS 0x00000000e9e00000, 0x00000000e9e00000| Untracked 
| 158|0x00000000e9e00000, 0x00000000e9f00000, 0x00000000e9f00000|100%| O|  |TAMS 0x00000000e9e00000, 0x00000000e9f00000| Untracked 
| 159|0x00000000e9f00000, 0x00000000ea000000, 0x00000000ea000000|100%| O|  |TAMS 0x00000000e9f00000, 0x00000000ea000000| Untracked 
| 160|0x00000000ea000000, 0x00000000ea100000, 0x00000000ea100000|100%| O|  |TAMS 0x00000000ea100000, 0x00000000ea100000| Untracked 
| 161|0x00000000ea100000, 0x00000000ea200000, 0x00000000ea200000|100%| O|  |TAMS 0x00000000ea100000, 0x00000000ea200000| Untracked 
| 162|0x00000000ea200000, 0x00000000ea300000, 0x00000000ea300000|100%| O|  |TAMS 0x00000000ea200000, 0x00000000ea300000| Untracked 
| 163|0x00000000ea300000, 0x00000000ea400000, 0x00000000ea400000|100%| O|  |TAMS 0x00000000ea300000, 0x00000000ea400000| Untracked 
| 164|0x00000000ea400000, 0x00000000ea500000, 0x00000000ea500000|100%| O|  |TAMS 0x00000000ea400000, 0x00000000ea500000| Untracked 
| 165|0x00000000ea500000, 0x00000000ea600000, 0x00000000ea600000|100%| O|  |TAMS 0x00000000ea500000, 0x00000000ea52de00| Untracked 
| 166|0x00000000ea600000, 0x00000000ea700000, 0x00000000ea700000|100%| O|  |TAMS 0x00000000ea600000, 0x00000000ea600000| Untracked 
| 167|0x00000000ea700000, 0x00000000ea800000, 0x00000000ea800000|100%| O|  |TAMS 0x00000000ea700000, 0x00000000ea700000| Untracked 
| 168|0x00000000ea800000, 0x00000000ea900000, 0x00000000ea900000|100%| O|  |TAMS 0x00000000ea800000, 0x00000000ea800000| Untracked 
| 169|0x00000000ea900000, 0x00000000eaa00000, 0x00000000eaa00000|100%| O|  |TAMS 0x00000000ea900000, 0x00000000ea900000| Untracked 
| 170|0x00000000eaa00000, 0x00000000eab00000, 0x00000000eab00000|100%| O|  |TAMS 0x00000000eab00000, 0x00000000eab00000| Untracked 
| 171|0x00000000eab00000, 0x00000000eac00000, 0x00000000eac00000|100%| O|  |TAMS 0x00000000eac00000, 0x00000000eac00000| Untracked 
| 172|0x00000000eac00000, 0x00000000ead00000, 0x00000000ead00000|100%| O|  |TAMS 0x00000000ead00000, 0x00000000ead00000| Untracked 
| 173|0x00000000ead00000, 0x00000000eae00000, 0x00000000eae00000|100%| O|  |TAMS 0x00000000eae00000, 0x00000000eae00000| Untracked 
| 174|0x00000000eae00000, 0x00000000eaf00000, 0x00000000eaf00000|100%| O|  |TAMS 0x00000000eaf00000, 0x00000000eaf00000| Untracked 
| 175|0x00000000eaf00000, 0x00000000eb000000, 0x00000000eb000000|100%| O|  |TAMS 0x00000000eaf00000, 0x00000000eaf00000| Untracked 
| 176|0x00000000eb000000, 0x00000000eb100000, 0x00000000eb100000|100%| O|  |TAMS 0x00000000eb100000, 0x00000000eb100000| Untracked 
| 177|0x00000000eb100000, 0x00000000eb200000, 0x00000000eb200000|100%| O|  |TAMS 0x00000000eb200000, 0x00000000eb200000| Untracked 
| 178|0x00000000eb200000, 0x00000000eb300000, 0x00000000eb300000|100%| O|  |TAMS 0x00000000eb300000, 0x00000000eb300000| Untracked 
| 179|0x00000000eb300000, 0x00000000eb400000, 0x00000000eb400000|100%| O|  |TAMS 0x00000000eb400000, 0x00000000eb400000| Untracked 
| 180|0x00000000eb400000, 0x00000000eb500000, 0x00000000eb500000|100%| O|  |TAMS 0x00000000eb500000, 0x00000000eb500000| Untracked 
| 181|0x00000000eb500000, 0x00000000eb600000, 0x00000000eb600000|100%| O|  |TAMS 0x00000000eb500000, 0x00000000eb500000| Untracked 
| 182|0x00000000eb600000, 0x00000000eb700000, 0x00000000eb700000|100%| O|  |TAMS 0x00000000eb700000, 0x00000000eb700000| Untracked 
| 183|0x00000000eb700000, 0x00000000eb800000, 0x00000000eb800000|100%| O|  |TAMS 0x00000000eb800000, 0x00000000eb800000| Untracked 
| 184|0x00000000eb800000, 0x00000000eb900000, 0x00000000eb900000|100%| O|  |TAMS 0x00000000eb900000, 0x00000000eb900000| Untracked 
| 185|0x00000000eb900000, 0x00000000eba00000, 0x00000000eba00000|100%| O|  |TAMS 0x00000000eba00000, 0x00000000eba00000| Untracked 
| 186|0x00000000eba00000, 0x00000000ebb00000, 0x00000000ebb00000|100%| O|  |TAMS 0x00000000ebb00000, 0x00000000ebb00000| Untracked 
| 187|0x00000000ebb00000, 0x00000000ebc00000, 0x00000000ebc00000|100%| O|  |TAMS 0x00000000ebc00000, 0x00000000ebc00000| Untracked 
| 188|0x00000000ebc00000, 0x00000000ebd00000, 0x00000000ebd00000|100%| O|  |TAMS 0x00000000ebd00000, 0x00000000ebd00000| Untracked 
| 189|0x00000000ebd00000, 0x00000000ebe00000, 0x00000000ebe00000|100%| O|  |TAMS 0x00000000ebd00000, 0x00000000ebd00000| Untracked 
| 190|0x00000000ebe00000, 0x00000000ebf00000, 0x00000000ebf00000|100%| O|  |TAMS 0x00000000ebe00000, 0x00000000ebe00000| Untracked 
| 191|0x00000000ebf00000, 0x00000000ec000000, 0x00000000ec000000|100%| O|  |TAMS 0x00000000ebf00000, 0x00000000ebf00000| Untracked 
| 192|0x00000000ec000000, 0x00000000ec100000, 0x00000000ec100000|100%| O|  |TAMS 0x00000000ec000000, 0x00000000ec000000| Untracked 
| 193|0x00000000ec100000, 0x00000000ec200000, 0x00000000ec200000|100%| O|  |TAMS 0x00000000ec100000, 0x00000000ec100000| Untracked 
| 194|0x00000000ec200000, 0x00000000ec300000, 0x00000000ec300000|100%| O|  |TAMS 0x00000000ec200000, 0x00000000ec200000| Untracked 
| 195|0x00000000ec300000, 0x00000000ec3f2400, 0x00000000ec400000| 94%| O|  |TAMS 0x00000000ec300000, 0x00000000ec300000| Untracked 
| 196|0x00000000ec400000, 0x00000000ec400000, 0x00000000ec500000|  0%| F|  |TAMS 0x00000000ec400000, 0x00000000ec400000| Untracked 
| 197|0x00000000ec500000, 0x00000000ec500000, 0x00000000ec600000|  0%| F|  |TAMS 0x00000000ec500000, 0x00000000ec500000| Untracked 
| 198|0x00000000ec600000, 0x00000000ec600000, 0x00000000ec700000|  0%| F|  |TAMS 0x00000000ec600000, 0x00000000ec600000| Untracked 
| 199|0x00000000ec700000, 0x00000000ec700000, 0x00000000ec800000|  0%| F|  |TAMS 0x00000000ec700000, 0x00000000ec700000| Untracked 
| 200|0x00000000ec800000, 0x00000000ec800000, 0x00000000ec900000|  0%| F|  |TAMS 0x00000000ec800000, 0x00000000ec800000| Untracked 
| 201|0x00000000ec900000, 0x00000000ec900000, 0x00000000eca00000|  0%| F|  |TAMS 0x00000000ec900000, 0x00000000ec900000| Untracked 
| 202|0x00000000eca00000, 0x00000000eca00000, 0x00000000ecb00000|  0%| F|  |TAMS 0x00000000eca00000, 0x00000000eca00000| Untracked 
| 203|0x00000000ecb00000, 0x00000000ecb00000, 0x00000000ecc00000|  0%| F|  |TAMS 0x00000000ecb00000, 0x00000000ecb00000| Untracked 
| 204|0x00000000ecc00000, 0x00000000ecc00000, 0x00000000ecd00000|  0%| F|  |TAMS 0x00000000ecc00000, 0x00000000ecc00000| Untracked 
| 205|0x00000000ecd00000, 0x00000000ecd00000, 0x00000000ece00000|  0%| F|  |TAMS 0x00000000ecd00000, 0x00000000ecd00000| Untracked 
| 206|0x00000000ece00000, 0x00000000ece00000, 0x00000000ecf00000|  0%| F|  |TAMS 0x00000000ece00000, 0x00000000ece00000| Untracked 
| 207|0x00000000ecf00000, 0x00000000ecf00000, 0x00000000ed000000|  0%| F|  |TAMS 0x00000000ecf00000, 0x00000000ecf00000| Untracked 
| 208|0x00000000ed000000, 0x00000000ed000000, 0x00000000ed100000|  0%| F|  |TAMS 0x00000000ed000000, 0x00000000ed000000| Untracked 
| 209|0x00000000ed100000, 0x00000000ed100000, 0x00000000ed200000|  0%| F|  |TAMS 0x00000000ed100000, 0x00000000ed100000| Untracked 
| 210|0x00000000ed200000, 0x00000000ed200000, 0x00000000ed300000|  0%| F|  |TAMS 0x00000000ed200000, 0x00000000ed200000| Untracked 
| 211|0x00000000ed300000, 0x00000000ed300000, 0x00000000ed400000|  0%| F|  |TAMS 0x00000000ed300000, 0x00000000ed300000| Untracked 
| 212|0x00000000ed400000, 0x00000000ed400000, 0x00000000ed500000|  0%| F|  |TAMS 0x00000000ed400000, 0x00000000ed400000| Untracked 
| 213|0x00000000ed500000, 0x00000000ed500000, 0x00000000ed600000|  0%| F|  |TAMS 0x00000000ed500000, 0x00000000ed500000| Untracked 
| 214|0x00000000ed600000, 0x00000000ed600000, 0x00000000ed700000|  0%| F|  |TAMS 0x00000000ed600000, 0x00000000ed600000| Untracked 
| 215|0x00000000ed700000, 0x00000000ed700000, 0x00000000ed800000|  0%| F|  |TAMS 0x00000000ed700000, 0x00000000ed700000| Untracked 
| 216|0x00000000ed800000, 0x00000000ed800000, 0x00000000ed900000|  0%| F|  |TAMS 0x00000000ed800000, 0x00000000ed800000| Untracked 
| 217|0x00000000ed900000, 0x00000000ed900000, 0x00000000eda00000|  0%| F|  |TAMS 0x00000000ed900000, 0x00000000ed900000| Untracked 
| 218|0x00000000eda00000, 0x00000000eda00000, 0x00000000edb00000|  0%| F|  |TAMS 0x00000000eda00000, 0x00000000eda00000| Untracked 
| 219|0x00000000edb00000, 0x00000000edb00000, 0x00000000edc00000|  0%| F|  |TAMS 0x00000000edb00000, 0x00000000edb00000| Untracked 
| 220|0x00000000edc00000, 0x00000000edc00000, 0x00000000edd00000|  0%| F|  |TAMS 0x00000000edc00000, 0x00000000edc00000| Untracked 
| 221|0x00000000edd00000, 0x00000000edd00000, 0x00000000ede00000|  0%| F|  |TAMS 0x00000000edd00000, 0x00000000edd00000| Untracked 
| 222|0x00000000ede00000, 0x00000000ede00000, 0x00000000edf00000|  0%| F|  |TAMS 0x00000000ede00000, 0x00000000ede00000| Untracked 
| 223|0x00000000edf00000, 0x00000000edf00000, 0x00000000ee000000|  0%| F|  |TAMS 0x00000000edf00000, 0x00000000edf00000| Untracked 
| 224|0x00000000ee000000, 0x00000000ee000000, 0x00000000ee100000|  0%| F|  |TAMS 0x00000000ee000000, 0x00000000ee000000| Untracked 
| 225|0x00000000ee100000, 0x00000000ee100000, 0x00000000ee200000|  0%| F|  |TAMS 0x00000000ee100000, 0x00000000ee100000| Untracked 
| 226|0x00000000ee200000, 0x00000000ee200000, 0x00000000ee300000|  0%| F|  |TAMS 0x00000000ee200000, 0x00000000ee200000| Untracked 
| 227|0x00000000ee300000, 0x00000000ee300000, 0x00000000ee400000|  0%| F|  |TAMS 0x00000000ee300000, 0x00000000ee300000| Untracked 
| 228|0x00000000ee400000, 0x00000000ee400000, 0x00000000ee500000|  0%| F|  |TAMS 0x00000000ee400000, 0x00000000ee400000| Untracked 
| 229|0x00000000ee500000, 0x00000000ee500000, 0x00000000ee600000|  0%| F|  |TAMS 0x00000000ee500000, 0x00000000ee500000| Untracked 
| 230|0x00000000ee600000, 0x00000000ee600000, 0x00000000ee700000|  0%| F|  |TAMS 0x00000000ee600000, 0x00000000ee600000| Untracked 
| 231|0x00000000ee700000, 0x00000000ee800000, 0x00000000ee800000|100%| S|CS|TAMS 0x00000000ee700000, 0x00000000ee700000| Complete 
| 232|0x00000000ee800000, 0x00000000ee900000, 0x00000000ee900000|100%| S|CS|TAMS 0x00000000ee800000, 0x00000000ee800000| Complete 
| 233|0x00000000ee900000, 0x00000000eea00000, 0x00000000eea00000|100%| S|CS|TAMS 0x00000000ee900000, 0x00000000ee900000| Complete 
| 234|0x00000000eea00000, 0x00000000eeb00000, 0x00000000eeb00000|100%| S|CS|TAMS 0x00000000eea00000, 0x00000000eea00000| Complete 
| 235|0x00000000eeb00000, 0x00000000eeb00000, 0x00000000eec00000|  0%| F|  |TAMS 0x00000000eeb00000, 0x00000000eeb00000| Untracked 
| 236|0x00000000eec00000, 0x00000000eec00000, 0x00000000eed00000|  0%| F|  |TAMS 0x00000000eec00000, 0x00000000eec00000| Untracked 
| 237|0x00000000eed00000, 0x00000000eed00000, 0x00000000eee00000|  0%| F|  |TAMS 0x00000000eed00000, 0x00000000eed00000| Untracked 
| 238|0x00000000eee00000, 0x00000000eee00000, 0x00000000eef00000|  0%| F|  |TAMS 0x00000000eee00000, 0x00000000eee00000| Untracked 
| 239|0x00000000eef00000, 0x00000000eef00000, 0x00000000ef000000|  0%| F|  |TAMS 0x00000000eef00000, 0x00000000eef00000| Untracked 
| 240|0x00000000ef000000, 0x00000000ef000000, 0x00000000ef100000|  0%| F|  |TAMS 0x00000000ef000000, 0x00000000ef000000| Untracked 
| 241|0x00000000ef100000, 0x00000000ef100000, 0x00000000ef200000|  0%| F|  |TAMS 0x00000000ef100000, 0x00000000ef100000| Untracked 
| 242|0x00000000ef200000, 0x00000000ef200000, 0x00000000ef300000|  0%| F|  |TAMS 0x00000000ef200000, 0x00000000ef200000| Untracked 
| 243|0x00000000ef300000, 0x00000000ef300000, 0x00000000ef400000|  0%| F|  |TAMS 0x00000000ef300000, 0x00000000ef300000| Untracked 
| 244|0x00000000ef400000, 0x00000000ef400000, 0x00000000ef500000|  0%| F|  |TAMS 0x00000000ef400000, 0x00000000ef400000| Untracked 
| 245|0x00000000ef500000, 0x00000000ef500000, 0x00000000ef600000|  0%| F|  |TAMS 0x00000000ef500000, 0x00000000ef500000| Untracked 
| 246|0x00000000ef600000, 0x00000000ef600000, 0x00000000ef700000|  0%| F|  |TAMS 0x00000000ef600000, 0x00000000ef600000| Untracked 
| 247|0x00000000ef700000, 0x00000000ef700000, 0x00000000ef800000|  0%| F|  |TAMS 0x00000000ef700000, 0x00000000ef700000| Untracked 
| 248|0x00000000ef800000, 0x00000000ef800000, 0x00000000ef900000|  0%| F|  |TAMS 0x00000000ef800000, 0x00000000ef800000| Untracked 
| 249|0x00000000ef900000, 0x00000000ef900000, 0x00000000efa00000|  0%| F|  |TAMS 0x00000000ef900000, 0x00000000ef900000| Untracked 
| 250|0x00000000efa00000, 0x00000000efa00000, 0x00000000efb00000|  0%| F|  |TAMS 0x00000000efa00000, 0x00000000efa00000| Untracked 
| 251|0x00000000efb00000, 0x00000000efb00000, 0x00000000efc00000|  0%| F|  |TAMS 0x00000000efb00000, 0x00000000efb00000| Untracked 
| 252|0x00000000efc00000, 0x00000000efc00000, 0x00000000efd00000|  0%| F|  |TAMS 0x00000000efc00000, 0x00000000efc00000| Untracked 
| 253|0x00000000efd00000, 0x00000000efd00000, 0x00000000efe00000|  0%| F|  |TAMS 0x00000000efd00000, 0x00000000efd00000| Untracked 
| 254|0x00000000efe00000, 0x00000000efe00000, 0x00000000eff00000|  0%| F|  |TAMS 0x00000000efe00000, 0x00000000efe00000| Untracked 
| 255|0x00000000eff00000, 0x00000000eff00000, 0x00000000f0000000|  0%| F|  |TAMS 0x00000000eff00000, 0x00000000eff00000| Untracked 

Card table byte_map: [0x00000239bd780000,0x00000239bd880000] _byte_map_base: 0x00000239bd080000

Marking Bits (Prev, Next): (CMBitMap*) 0x00000239a88a2440, (CMBitMap*) 0x00000239a88a2408
 Prev Bits: [0x00000239be180000, 0x00000239be980000)
 Next Bits: [0x00000239bd980000, 0x00000239be180000)

Polling page: 0x00000239a86e0000

Metaspace:

Usage:
  Non-class:     95.17 MB capacity,    93.38 MB ( 98%) used,     1.47 MB (  2%) free+waste,   333.75 KB ( <1%) overhead. 
      Class:     14.48 MB capacity,    13.46 MB ( 93%) used,   894.39 KB (  6%) free+waste,   150.94 KB (  1%) overhead. 
       Both:    109.65 MB capacity,   106.84 MB ( 97%) used,     2.34 MB (  2%) free+waste,   484.69 KB ( <1%) overhead. 

Virtual space:
  Non-class space:       98.00 MB reserved,      97.08 MB (>99%) committed 
      Class space:      248.00 MB reserved,      15.88 MB (  6%) committed 
             Both:      346.00 MB reserved,     112.95 MB ( 33%) committed 

Chunk freelists:
   Non-Class:  1.84 MB
       Class:  1.30 MB
        Both:  3.15 MB

MaxMetaspaceSize: 256.00 MB
CompressedClassSpaceSize: 248.00 MB

CodeHeap 'non-profiled nmethods': size=120000Kb used=12738Kb max_used=12738Kb free=107261Kb
 bounds [0x00000239b54d0000, 0x00000239b6150000, 0x00000239bca00000]
CodeHeap 'profiled nmethods': size=120000Kb used=34869Kb max_used=34928Kb free=85130Kb
 bounds [0x00000239adfa0000, 0x00000239b0240000, 0x00000239b54d0000]
CodeHeap 'non-nmethods': size=5760Kb used=2381Kb max_used=2444Kb free=3378Kb
 bounds [0x00000239ada00000, 0x00000239adc70000, 0x00000239adfa0000]
 total_blobs=17687 nmethods=16656 adapters=941
 compilation: enabled
              stopped_count=0, restarted_count=0
 full_count=0

Compilation events (20 events):
Event: 127.516 Thread 0x00000239c1e81000 18616   !   2       java.util.concurrent.ConcurrentHashMap::fullAddCount (462 bytes)
Event: 127.520 Thread 0x00000239c1e81000 nmethod 18616 0x00000239aeb8e210 code [0x00000239aeb8e420, 0x00000239aeb8ef98]
Event: 127.523 Thread 0x00000239c1e81000 18617 % !   3       java.util.concurrent.ConcurrentHashMap::putVal @ 212 (432 bytes)
Event: 127.529 Thread 0x00000239c1e81000 nmethod 18617% 0x00000239af212110 code [0x00000239af2124a0, 0x00000239af2149d8]
Event: 127.531 Thread 0x00000239c1e81000 18618       2       com.android.tools.r8.graph.G0$b::a (78 bytes)
Event: 127.533 Thread 0x00000239c1e81000 nmethod 18618 0x00000239aeb8d690 code [0x00000239aeb8d8a0, 0x00000239aeb8de68]
Event: 127.533 Thread 0x00000239c1e81000 18619   !   3       java.util.concurrent.ConcurrentHashMap::putVal (432 bytes)
Event: 127.538 Thread 0x00000239c1e81000 nmethod 18619 0x00000239aec1e790 code [0x00000239aec1eb20, 0x00000239aec20c38]
Event: 127.538 Thread 0x00000239c1e81000 18620       2       com.android.tools.r8.graph.G0$a$$Lambda$1439/0x0000000100d65040::accept (20 bytes)
Event: 127.539 Thread 0x00000239c1e81000 nmethod 18620 0x00000239aeae6690 code [0x00000239aeae6860, 0x00000239aeae6a28]
Event: 127.539 Thread 0x00000239c1e81000 18621       2       com.android.tools.r8.graph.G0$a::a (48 bytes)
Event: 127.540 Thread 0x00000239c1e81000 nmethod 18621 0x00000239aeaed690 code [0x00000239aeaed860, 0x00000239aeaedab8]
Event: 127.540 Thread 0x00000239c1e81000 18622       2       com.android.tools.r8.graph.G0$a::a (22 bytes)
Event: 127.541 Thread 0x00000239c1e81000 nmethod 18622 0x00000239aeaf4790 code [0x00000239aeaf4980, 0x00000239aeaf4e68]
Event: 127.541 Thread 0x00000239c1e81000 18623       2       com.android.tools.r8.graph.G0$a::a (36 bytes)
Event: 127.542 Thread 0x00000239c1e81000 nmethod 18623 0x00000239aeb94e10 code [0x00000239aeb95020, 0x00000239aeb954f8]
Event: 127.542 Thread 0x00000239c1e81000 18624       2       com.android.tools.r8.graph.l0$i::<init> (7 bytes)
Event: 127.543 Thread 0x00000239c1e81000 nmethod 18624 0x00000239ae98dd90 code [0x00000239ae98df40, 0x00000239ae98e098]
Event: 127.734 Thread 0x00000239c1e81000 18627 %     3       com.android.tools.r8.graph.X0::b @ 66 (142 bytes)
Event: 127.737 Thread 0x00000239c1e81000 nmethod 18627% 0x00000239aeba3190 code [0x00000239aeba34e0, 0x00000239aeba49c8]

GC Heap History (20 events):
Event: 126.439 GC heap after
{Heap after GC invocations=46 (full 0):
 garbage-first heap   total 262144K, used 185929K [0x00000000e0000000, 0x0000000100000000)
  region size 1024K, 6 young (6144K), 6 survivors (6144K)
 Metaspace       used 111388K, capacity 115356K, committed 115664K, reserved 354304K
  class space    used 14506K, capacity 16143K, committed 16256K, reserved 253952K
}
Event: 126.607 GC heap before
{Heap before GC invocations=47 (full 0):
 garbage-first heap   total 262144K, used 219721K [0x00000000e0000000, 0x0000000100000000)
  region size 1024K, 40 young (40960K), 6 survivors (6144K)
 Metaspace       used 109303K, capacity 112135K, committed 115664K, reserved 354304K
  class space    used 13777K, capacity 14826K, committed 16256K, reserved 253952K
}
Event: 126.610 GC heap after
{Heap after GC invocations=48 (full 0):
 garbage-first heap   total 262144K, used 191091K [0x00000000e0000000, 0x0000000100000000)
  region size 1024K, 5 young (5120K), 5 survivors (5120K)
 Metaspace       used 109303K, capacity 112135K, committed 115664K, reserved 354304K
  class space    used 13777K, capacity 14826K, committed 16256K, reserved 253952K
}
Event: 126.639 GC heap before
{Heap before GC invocations=48 (full 0):
 garbage-first heap   total 262144K, used 197235K [0x00000000e0000000, 0x0000000100000000)
  region size 1024K, 12 young (12288K), 5 survivors (5120K)
 Metaspace       used 109303K, capacity 112135K, committed 115664K, reserved 354304K
  class space    used 13777K, capacity 14826K, committed 16256K, reserved 253952K
}
Event: 126.644 GC heap after
{Heap after GC invocations=49 (full 0):
 garbage-first heap   total 262144K, used 168439K [0x00000000e0000000, 0x0000000100000000)
  region size 1024K, 2 young (2048K), 2 survivors (2048K)
 Metaspace       used 109303K, capacity 112135K, committed 115664K, reserved 354304K
  class space    used 13777K, capacity 14826K, committed 16256K, reserved 253952K
}
Event: 126.688 GC heap before
{Heap before GC invocations=49 (full 0):
 garbage-first heap   total 262144K, used 177655K [0x00000000e0000000, 0x0000000100000000)
  region size 1024K, 12 young (12288K), 2 survivors (2048K)
 Metaspace       used 109305K, capacity 112135K, committed 115664K, reserved 354304K
  class space    used 13777K, capacity 14826K, committed 16256K, reserved 253952K
}
Event: 126.700 GC heap after
{Heap after GC invocations=50 (full 0):
 garbage-first heap   total 262144K, used 156797K [0x00000000e0000000, 0x0000000100000000)
  region size 1024K, 2 young (2048K), 2 survivors (2048K)
 Metaspace       used 109305K, capacity 112135K, committed 115664K, reserved 354304K
  class space    used 13777K, capacity 14826K, committed 16256K, reserved 253952K
}
Event: 126.908 GC heap before
{Heap before GC invocations=50 (full 0):
 garbage-first heap   total 262144K, used 202877K [0x00000000e0000000, 0x0000000100000000)
  region size 1024K, 47 young (48128K), 2 survivors (2048K)
 Metaspace       used 109305K, capacity 112135K, committed 115664K, reserved 354304K
  class space    used 13777K, capacity 14826K, committed 16256K, reserved 253952K
}
Event: 126.914 GC heap after
{Heap after GC invocations=51 (full 0):
 garbage-first heap   total 262144K, used 166478K [0x00000000e0000000, 0x0000000100000000)
  region size 1024K, 6 young (6144K), 6 survivors (6144K)
 Metaspace       used 109305K, capacity 112135K, committed 115664K, reserved 354304K
  class space    used 13777K, capacity 14826K, committed 16256K, reserved 253952K
}
Event: 127.147 GC heap before
{Heap before GC invocations=51 (full 0):
 garbage-first heap   total 262144K, used 209486K [0x00000000e0000000, 0x0000000100000000)
  region size 1024K, 48 young (49152K), 6 survivors (6144K)
 Metaspace       used 109305K, capacity 112135K, committed 115664K, reserved 354304K
  class space    used 13777K, capacity 14826K, committed 16256K, reserved 253952K
}
Event: 127.152 GC heap after
{Heap after GC invocations=52 (full 0):
 garbage-first heap   total 262144K, used 174399K [0x00000000e0000000, 0x0000000100000000)
  region size 1024K, 6 young (6144K), 6 survivors (6144K)
 Metaspace       used 109305K, capacity 112135K, committed 115664K, reserved 354304K
  class space    used 13777K, capacity 14826K, committed 16256K, reserved 253952K
}
Event: 127.353 GC heap before
{Heap before GC invocations=53 (full 0):
 garbage-first heap   total 262144K, used 214335K [0x00000000e0000000, 0x0000000100000000)
  region size 1024K, 45 young (46080K), 6 survivors (6144K)
 Metaspace       used 109375K, capacity 112150K, committed 115664K, reserved 354304K
  class space    used 13781K, capacity 14827K, committed 16256K, reserved 253952K
}
Event: 127.371 GC heap after
{Heap after GC invocations=54 (full 0):
 garbage-first heap   total 262144K, used 185312K [0x00000000e0000000, 0x0000000100000000)
  region size 1024K, 6 young (6144K), 6 survivors (6144K)
 Metaspace       used 109375K, capacity 112150K, committed 115664K, reserved 354304K
  class space    used 13781K, capacity 14827K, committed 16256K, reserved 253952K
}
Event: 127.403 GC heap before
{Heap before GC invocations=54 (full 0):
 garbage-first heap   total 262144K, used 190432K [0x00000000e0000000, 0x0000000100000000)
  region size 1024K, 12 young (12288K), 6 survivors (6144K)
 Metaspace       used 109385K, capacity 112150K, committed 115664K, reserved 354304K
  class space    used 13781K, capacity 14827K, committed 16256K, reserved 253952K
}
Event: 127.420 GC heap after
{Heap after GC invocations=55 (full 0):
 garbage-first heap   total 262144K, used 182638K [0x00000000e0000000, 0x0000000100000000)
  region size 1024K, 2 young (2048K), 2 survivors (2048K)
 Metaspace       used 109385K, capacity 112150K, committed 115664K, reserved 354304K
  class space    used 13781K, capacity 14827K, committed 16256K, reserved 253952K
}
Event: 127.554 GC heap before
{Heap before GC invocations=55 (full 0):
 garbage-first heap   total 262144K, used 214382K [0x00000000e0000000, 0x0000000100000000)
  region size 1024K, 34 young (34816K), 2 survivors (2048K)
 Metaspace       used 109401K, capacity 112282K, committed 115664K, reserved 354304K
  class space    used 13781K, capacity 14827K, committed 16256K, reserved 253952K
}
Event: 127.578 GC heap after
{Heap after GC invocations=56 (full 0):
 garbage-first heap   total 262144K, used 191671K [0x00000000e0000000, 0x0000000100000000)
  region size 1024K, 5 young (5120K), 5 survivors (5120K)
 Metaspace       used 109401K, capacity 112282K, committed 115664K, reserved 354304K
  class space    used 13781K, capacity 14827K, committed 16256K, reserved 253952K
}
Event: 127.691 GC heap before
{Heap before GC invocations=56 (full 0):
 garbage-first heap   total 262144K, used 217271K [0x00000000e0000000, 0x0000000100000000)
  region size 1024K, 31 young (31744K), 5 survivors (5120K)
 Metaspace       used 109401K, capacity 112282K, committed 115664K, reserved 354304K
  class space    used 13781K, capacity 14827K, committed 16256K, reserved 253952K
}
Event: 127.714 GC heap after
{Heap after GC invocations=57 (full 0):
 garbage-first heap   total 262144K, used 199266K [0x00000000e0000000, 0x0000000100000000)
  region size 1024K, 4 young (4096K), 4 survivors (4096K)
 Metaspace       used 109401K, capacity 112282K, committed 115664K, reserved 354304K
  class space    used 13781K, capacity 14827K, committed 16256K, reserved 253952K
}
Event: 127.820 GC heap before
{Heap before GC invocations=57 (full 0):
 garbage-first heap   total 262144K, used 220770K [0x00000000e0000000, 0x0000000100000000)
  region size 1024K, 25 young (25600K), 4 survivors (4096K)
 Metaspace       used 109401K, capacity 112282K, committed 115664K, reserved 354304K
  class space    used 13781K, capacity 14827K, committed 16256K, reserved 253952K
}

Deoptimization events (20 events):
Event: 127.459 Thread 0x00000239ccdef000 DEOPT PACKING pc=0x00000239ae9e784d sp=0x000000db023fe310
Event: 127.459 Thread 0x00000239ccdf3800 DEOPT PACKING pc=0x00000239ae9e786e sp=0x000000db028fdc10
Event: 127.459 Thread 0x00000239ccdef000 DEOPT UNPACKING pc=0x00000239ada272ce sp=0x000000db023fd830 mode 0
Event: 127.459 Thread 0x00000239ccdf3800 DEOPT UNPACKING pc=0x00000239ada272ce sp=0x000000db028fd130 mode 0
Event: 127.459 Thread 0x00000239ccdf2800 DEOPT PACKING pc=0x00000239ae9e784d sp=0x000000db026fe3e0
Event: 127.461 Thread 0x00000239ccdf2800 DEOPT UNPACKING pc=0x00000239ada272ce sp=0x000000db026fd900 mode 0
Event: 127.478 Thread 0x00000239ccdef000 DEOPT PACKING pc=0x00000239ae9e784d sp=0x000000db023fe280
Event: 127.478 Thread 0x00000239ccdf1000 DEOPT PACKING pc=0x00000239ae9e786e sp=0x000000db021fdf50
Event: 127.478 Thread 0x00000239ccdef000 DEOPT UNPACKING pc=0x00000239ada272ce sp=0x000000db023fd7a0 mode 0
Event: 127.478 Thread 0x00000239ccdf1000 DEOPT UNPACKING pc=0x00000239ada272ce sp=0x000000db021fd470 mode 0
Event: 127.490 Thread 0x00000239ccdde000 DEOPT PACKING pc=0x00000239ae9e784d sp=0x000000db001fdaf0
Event: 127.490 Thread 0x00000239ccdde000 DEOPT UNPACKING pc=0x00000239ada272ce sp=0x000000db001fd010 mode 0
Event: 127.497 Thread 0x00000239ccdf5800 DEOPT PACKING pc=0x00000239ae9e784d sp=0x000000db02afe620
Event: 127.498 Thread 0x00000239ccdf5800 DEOPT UNPACKING pc=0x00000239ada272ce sp=0x000000db02afdb40 mode 0
Event: 127.499 Thread 0x00000239ccdf5000 DEOPT PACKING pc=0x00000239ae9e784d sp=0x000000db029fe190
Event: 127.499 Thread 0x00000239ccdf5000 DEOPT UNPACKING pc=0x00000239ada272ce sp=0x000000db029fd6b0 mode 0
Event: 127.510 Thread 0x00000239ccdf5800 Uncommon trap: trap_request=0xffffff4d fr.pc=0x00000239b566486c relative=0x00000000000002ac
Event: 127.510 Thread 0x00000239ccdf5800 Uncommon trap: reason=unstable_if action=reinterpret pc=0x00000239b566486c method=com.android.tools.r8.graph.g0.computeEquals(Ljava/lang/Object;)Z @ 37 c2
Event: 127.510 Thread 0x00000239ccdf5800 DEOPT PACKING pc=0x00000239b566486c sp=0x000000db02afdeb0
Event: 127.510 Thread 0x00000239ccdf5800 DEOPT UNPACKING pc=0x00000239ada274af sp=0x000000db02afde50 mode 2

Classes redefined (0 events):
No events

Internal exceptions (20 events):
Event: 124.797 Thread 0x00000239ccde2000 Exception <a 'sun/nio/fs/WindowsException'{0x00000000ed5ff470}> (0x00000000ed5ff470) thrown at [./src/hotspot/share/prims/jni.cpp, line 615]
Event: 124.802 Thread 0x00000239ccde2000 Exception <a 'sun/nio/fs/WindowsException'{0x00000000ed4c8760}> (0x00000000ed4c8760) thrown at [./src/hotspot/share/prims/jni.cpp, line 615]
Event: 124.806 Thread 0x00000239ccde2000 Exception <a 'sun/nio/fs/WindowsException'{0x00000000ed4ce4f0}> (0x00000000ed4ce4f0) thrown at [./src/hotspot/share/prims/jni.cpp, line 615]
Event: 124.811 Thread 0x00000239ccde2000 Exception <a 'sun/nio/fs/WindowsException'{0x00000000ed4dd5f0}> (0x00000000ed4dd5f0) thrown at [./src/hotspot/share/prims/jni.cpp, line 615]
Event: 124.815 Thread 0x00000239ccde2000 Exception <a 'sun/nio/fs/WindowsException'{0x00000000ed3c0aa0}> (0x00000000ed3c0aa0) thrown at [./src/hotspot/share/prims/jni.cpp, line 615]
Event: 124.818 Thread 0x00000239ccde2000 Exception <a 'sun/nio/fs/WindowsException'{0x00000000ed3c6790}> (0x00000000ed3c6790) thrown at [./src/hotspot/share/prims/jni.cpp, line 615]
Event: 124.824 Thread 0x00000239ccde2000 Exception <a 'sun/nio/fs/WindowsException'{0x00000000ed3d2f60}> (0x00000000ed3d2f60) thrown at [./src/hotspot/share/prims/jni.cpp, line 615]
Event: 124.826 Thread 0x00000239ccde2000 Exception <a 'sun/nio/fs/WindowsException'{0x00000000ed3d8818}> (0x00000000ed3d8818) thrown at [./src/hotspot/share/prims/jni.cpp, line 615]
Event: 124.829 Thread 0x00000239ccde2000 Exception <a 'sun/nio/fs/WindowsException'{0x00000000ed3de440}> (0x00000000ed3de440) thrown at [./src/hotspot/share/prims/jni.cpp, line 615]
Event: 124.834 Thread 0x00000239ccde2000 Exception <a 'sun/nio/fs/WindowsException'{0x00000000ed1c5840}> (0x00000000ed1c5840) thrown at [./src/hotspot/share/prims/jni.cpp, line 615]
Event: 124.840 Thread 0x00000239ccde2000 Exception <a 'sun/nio/fs/WindowsException'{0x00000000ed1d1e08}> (0x00000000ed1d1e08) thrown at [./src/hotspot/share/prims/jni.cpp, line 615]
Event: 124.843 Thread 0x00000239ccde2000 Exception <a 'sun/nio/fs/WindowsException'{0x00000000ed1d7220}> (0x00000000ed1d7220) thrown at [./src/hotspot/share/prims/jni.cpp, line 615]
Event: 124.846 Thread 0x00000239ccde2000 Exception <a 'sun/nio/fs/WindowsException'{0x00000000ed1dcb00}> (0x00000000ed1dcb00) thrown at [./src/hotspot/share/prims/jni.cpp, line 615]
Event: 124.851 Thread 0x00000239ccde2000 Exception <a 'sun/nio/fs/WindowsException'{0x00000000ed0c2718}> (0x00000000ed0c2718) thrown at [./src/hotspot/share/prims/jni.cpp, line 615]
Event: 124.865 Thread 0x00000239ccde2000 Exception <a 'sun/nio/fs/WindowsException'{0x00000000ed0ec498}> (0x00000000ed0ec498) thrown at [./src/hotspot/share/prims/jni.cpp, line 615]
Event: 124.870 Thread 0x00000239ccde2000 Exception <a 'sun/nio/fs/WindowsException'{0x00000000ed0f5300}> (0x00000000ed0f5300) thrown at [./src/hotspot/share/prims/jni.cpp, line 615]
Event: 124.873 Thread 0x00000239ccde2000 Exception <a 'sun/nio/fs/WindowsException'{0x00000000ed0fde60}> (0x00000000ed0fde60) thrown at [./src/hotspot/share/prims/jni.cpp, line 615]
Event: 125.615 Thread 0x00000239c479b000 Exception <a 'sun/nio/fs/WindowsException'{0x00000000efebcc50}> (0x00000000efebcc50) thrown at [./src/hotspot/share/prims/jni.cpp, line 615]
Event: 125.615 Thread 0x00000239c479b000 Exception <a 'sun/nio/fs/WindowsException'{0x00000000efebd898}> (0x00000000efebd898) thrown at [./src/hotspot/share/prims/jni.cpp, line 615]
Event: 125.645 Thread 0x00000239c479b000 Exception <a 'java/lang/NoSuchMethodError'{0x00000000efc9a878}: <clinit>> (0x00000000efc9a878) thrown at [./src/hotspot/share/prims/jni.cpp, line 1362]

Events (20 events):
Event: 127.321 Executing VM operation: RevokeBias done
Event: 127.336 Executing VM operation: BulkRevokeBias
Event: 127.341 Executing VM operation: BulkRevokeBias done
Event: 127.348 Executing VM operation: RevokeBias
Event: 127.348 Executing VM operation: RevokeBias done
Event: 127.352 Executing VM operation: G1CollectForAllocation
Event: 127.371 Executing VM operation: G1CollectForAllocation done
Event: 127.402 Executing VM operation: G1CollectForAllocation
Event: 127.420 Executing VM operation: G1CollectForAllocation done
Event: 127.554 Executing VM operation: G1CollectForAllocation
Event: 127.578 Executing VM operation: G1CollectForAllocation done
Event: 127.594 Executing VM operation: BulkRevokeBias
Event: 127.598 Executing VM operation: BulkRevokeBias done
Event: 127.684 Thread 0x00000239c69bf800 Thread exited: 0x00000239c69bf800
Event: 127.690 Executing VM operation: G1CollectForAllocation
Event: 127.714 Executing VM operation: G1CollectForAllocation done
Event: 127.714 Executing VM operation: RevokeBias
Event: 127.715 Executing VM operation: RevokeBias done
Event: 127.715 Thread 0x00000239ccddb800 Thread exited: 0x00000239ccddb800
Event: 127.819 Executing VM operation: G1CollectForAllocation


Dynamic libraries:
0x00007ff736fe0000 - 0x00007ff736fea000 	D:\AndroidStudio\jre\bin\java.exe
0x00007ff957a90000 - 0x00007ff957c85000 	C:\WINDOWS\SYSTEM32\ntdll.dll
0x00007ff955b00000 - 0x00007ff955bbd000 	C:\WINDOWS\System32\KERNEL32.DLL
0x00007ff955400000 - 0x00007ff9556c9000 	C:\WINDOWS\System32\KERNELBASE.dll
0x00007ff9551d0000 - 0x00007ff9552d0000 	C:\WINDOWS\System32\ucrtbase.dll
0x00007ff943f30000 - 0x00007ff943f49000 	D:\AndroidStudio\jre\bin\jli.dll
0x00007ff955bc0000 - 0x00007ff955d60000 	C:\WINDOWS\System32\USER32.dll
0x00007ff93aa30000 - 0x00007ff93acca000 	C:\WINDOWS\WinSxS\amd64_microsoft.windows.common-controls_6595b64144ccf1df_6.0.19041.1110_none_60b5254171f9507e\COMCTL32.dll
0x00007ff955a80000 - 0x00007ff955aa2000 	C:\WINDOWS\System32\win32u.dll
0x00007ff955df0000 - 0x00007ff955e8e000 	C:\WINDOWS\System32\msvcrt.dll
0x00007ff957a20000 - 0x00007ff957a4a000 	C:\WINDOWS\System32\GDI32.dll
0x00007ff955780000 - 0x00007ff95588b000 	C:\WINDOWS\System32\gdi32full.dll
0x00007ff955360000 - 0x00007ff9553fd000 	C:\WINDOWS\System32\msvcp_win.dll
0x00007ff94f450000 - 0x00007ff94f467000 	D:\AndroidStudio\jre\bin\VCRUNTIME140.dll
0x00007ff955d60000 - 0x00007ff955d90000 	C:\WINDOWS\System32\IMM32.DLL
0x00007ff9267d0000 - 0x00007ff92686d000 	D:\AndroidStudio\jre\bin\msvcp140.dll
0x00007ff9043b0000 - 0x00007ff904e6c000 	D:\AndroidStudio\jre\bin\server\jvm.dll
0x00007ff956e60000 - 0x00007ff956f0c000 	C:\WINDOWS\System32\ADVAPI32.dll
0x00007ff957110000 - 0x00007ff9571ab000 	C:\WINDOWS\System32\sechost.dll
0x00007ff9571b0000 - 0x00007ff9572da000 	C:\WINDOWS\System32\RPCRT4.dll
0x00007ff956d10000 - 0x00007ff956d18000 	C:\WINDOWS\System32\PSAPI.DLL
0x00007ff952280000 - 0x00007ff9522a7000 	C:\WINDOWS\SYSTEM32\WINMM.dll
0x00007ff94f1e0000 - 0x00007ff94f1e9000 	C:\WINDOWS\SYSTEM32\WSOCK32.dll
0x00007ff94cec0000 - 0x00007ff94ceca000 	C:\WINDOWS\SYSTEM32\VERSION.dll
0x00007ff956fc0000 - 0x00007ff95702b000 	C:\WINDOWS\System32\WS2_32.dll
0x00007ff953a90000 - 0x00007ff953aa2000 	C:\WINDOWS\SYSTEM32\kernel.appcore.dll
0x00007ff943f10000 - 0x00007ff943f21000 	D:\AndroidStudio\jre\bin\verify.dll
0x00007ff953010000 - 0x00007ff9531f4000 	C:\WINDOWS\SYSTEM32\DBGHELP.DLL
0x00007ff952250000 - 0x00007ff95227c000 	C:\WINDOWS\SYSTEM32\dbgcore.DLL
0x00007ff9552d0000 - 0x00007ff955353000 	C:\WINDOWS\System32\bcryptPrimitives.dll
0x00007ff943490000 - 0x00007ff9434b9000 	D:\AndroidStudio\jre\bin\java.dll
0x00007ff94f170000 - 0x00007ff94f17b000 	D:\AndroidStudio\jre\bin\jimage.dll
0x00007ff943920000 - 0x00007ff943938000 	D:\AndroidStudio\jre\bin\zip.dll
0x00007ff9572e0000 - 0x00007ff957a1f000 	C:\WINDOWS\System32\SHELL32.dll
0x00007ff9532e0000 - 0x00007ff953a71000 	C:\WINDOWS\SYSTEM32\windows.storage.dll
0x00007ff955e90000 - 0x00007ff9561e5000 	C:\WINDOWS\System32\combase.dll
0x00007ff954c40000 - 0x00007ff954c6c000 	C:\WINDOWS\SYSTEM32\Wldp.dll
0x00007ff956d20000 - 0x00007ff956dce000 	C:\WINDOWS\System32\SHCORE.dll
0x00007ff9570b0000 - 0x00007ff957105000 	C:\WINDOWS\System32\shlwapi.dll
0x00007ff955110000 - 0x00007ff95512f000 	C:\WINDOWS\SYSTEM32\profapi.dll
0x00007ff943440000 - 0x00007ff94345a000 	D:\AndroidStudio\jre\bin\net.dll
0x00007ff94fce0000 - 0x00007ff94fdea000 	C:\WINDOWS\SYSTEM32\WINHTTP.dll
0x00007ff9549a0000 - 0x00007ff954a0a000 	C:\WINDOWS\system32\mswsock.dll
0x00007ff942bc0000 - 0x00007ff942bd4000 	D:\AndroidStudio\jre\bin\nio.dll
0x00007ff9435d0000 - 0x00007ff9435f7000 	C:\Users\WeiQi\.gradle\native\f6784746aeab05261644944871eae4fe03e0ef1612fff0a4a95f87b438bc6780\windows-amd64\native-platform.dll
0x00007ff94f0f0000 - 0x00007ff94f0fa000 	D:\AndroidStudio\jre\bin\management.dll
0x00007ff94dd10000 - 0x00007ff94dd1c000 	D:\AndroidStudio\jre\bin\management_ext.dll
0x00007ff954b80000 - 0x00007ff954b98000 	C:\WINDOWS\SYSTEM32\CRYPTSP.dll
0x00007ff9542d0000 - 0x00007ff954304000 	C:\WINDOWS\system32\rsaenh.dll
0x00007ff955890000 - 0x00007ff9558b7000 	C:\WINDOWS\System32\bcrypt.dll
0x00007ff955090000 - 0x00007ff9550be000 	C:\WINDOWS\SYSTEM32\USERENV.dll
0x00007ff954ba0000 - 0x00007ff954bac000 	C:\WINDOWS\SYSTEM32\CRYPTBASE.dll
0x00007ff954640000 - 0x00007ff95467b000 	C:\WINDOWS\SYSTEM32\IPHLPAPI.DLL
0x00007ff956bc0000 - 0x00007ff956bc8000 	C:\WINDOWS\System32\NSI.dll
0x00007ff94d210000 - 0x00007ff94d227000 	C:\WINDOWS\SYSTEM32\dhcpcsvc6.DLL
0x00007ff94d250000 - 0x00007ff94d26d000 	C:\WINDOWS\SYSTEM32\dhcpcsvc.DLL
0x00007ff954690000 - 0x00007ff95475c000 	C:\WINDOWS\SYSTEM32\DNSAPI.dll
0x00007ff94fe60000 - 0x00007ff94fe6b000 	C:\WINDOWS\SYSTEM32\WINNSI.DLL
0x00007ff9204b0000 - 0x00007ff920652000 	D:\AndroidStudio\jre\bin\awt.dll
0x00007ff956af0000 - 0x00007ff956bbd000 	C:\WINDOWS\System32\OLEAUT32.dll
0x00007ff952a60000 - 0x00007ff952a8f000 	C:\WINDOWS\SYSTEM32\dwmapi.dll
0x00007ff951fa0000 - 0x00007ff952030000 	C:\WINDOWS\SYSTEM32\apphelp.dll
0x00007ff9520a0000 - 0x00007ff95213e000 	C:\WINDOWS\system32\uxtheme.dll

dbghelp: loaded successfully - version: 4.0.5 - missing functions: none
symbol engine: initialized successfully - sym options: 0x614 - pdb path: .;D:\AndroidStudio\jre\bin;C:\WINDOWS\SYSTEM32;C:\WINDOWS\WinSxS\amd64_microsoft.windows.common-controls_6595b64144ccf1df_6.0.19041.1110_none_60b5254171f9507e;D:\AndroidStudio\jre\bin\server;C:\Users\WeiQi\.gradle\native\f6784746aeab05261644944871eae4fe03e0ef1612fff0a4a95f87b438bc6780\windows-amd64

VM Arguments:
jvm_args: --add-opens=java.base/java.util=ALL-UNNAMED --add-opens=java.base/java.lang=ALL-UNNAMED --add-opens=java.base/java.lang.invoke=ALL-UNNAMED --add-opens=java.prefs/java.util.prefs=ALL-UNNAMED -XX:MaxMetaspaceSize=256m -XX:+HeapDumpOnOutOfMemoryError -Xms256m -Xmx512m -Dfile.encoding=windows-1252 -Duser.country=US -Duser.language=en -Duser.variant 
java_command: org.gradle.launcher.daemon.bootstrap.GradleDaemon 6.5
java_class_path (initial): C:\Users\WeiQi\.gradle\wrapper\dists\gradle-6.5-all\2oz4ud9k3tuxjg84bbf55q0tn\gradle-6.5\lib\gradle-launcher-6.5.jar
Launcher Type: SUN_STANDARD

[Global flags]
     intx CICompilerCount                          = 4                                         {product} {ergonomic}
   size_t CompressedClassSpaceSize                 = 260046848                                 {product} {ergonomic}
     uint ConcGCThreads                            = 3                                         {product} {ergonomic}
     uint G1ConcRefinementThreads                  = 10                                        {product} {ergonomic}
   size_t G1HeapRegionSize                         = 1048576                                   {product} {ergonomic}
    uintx GCDrainStackTargetSize                   = 64                                        {product} {ergonomic}
     bool HeapDumpOnOutOfMemoryError               = true                                   {manageable} {command line}
   size_t InitialHeapSize                          = 268435456                                 {product} {command line}
   size_t MarkStackSize                            = 4194304                                   {product} {ergonomic}
   size_t MaxHeapSize                              = 536870912                                 {product} {command line}
   size_t MaxMetaspaceSize                         = 268435456                                 {product} {command line}
   size_t MaxNewSize                               = 321912832                                 {product} {ergonomic}
   size_t MinHeapDeltaBytes                        = 1048576                                   {product} {ergonomic}
    uintx NonNMethodCodeHeapSize                   = 5836300                                {pd product} {ergonomic}
    uintx NonProfiledCodeHeapSize                  = 122910970                              {pd product} {ergonomic}
    uintx ProfiledCodeHeapSize                     = 122910970                              {pd product} {ergonomic}
    uintx ReservedCodeCacheSize                    = 251658240                              {pd product} {ergonomic}
     bool SegmentedCodeCache                       = true                                      {product} {ergonomic}
     bool UseCompressedClassPointers               = true                                 {lp64_product} {ergonomic}
     bool UseCompressedOops                        = true                                 {lp64_product} {ergonomic}
     bool UseG1GC                                  = true                                      {product} {ergonomic}
     bool UseLargePagesIndividualAllocation        = false                                  {pd product} {ergonomic}

Logging:
Log output configuration:
 #0: stdout all=warning uptime,level,tags
 #1: stderr all=off uptime,level,tags

Environment Variables:
PATH=C:\WINDOWS\system32;C:\WINDOWS;C:\WINDOWS\System32\Wbem;C:\WINDOWS\System32\WindowsPowerShell\v1.0\;C:\WINDOWS\System32\OpenSSH\;C:\Program Files\Microsoft SQL Server\130\Tools\Binn\;C:\Program Files\dotnet\;C:\Program Files\Microsoft SQL Server\Client SDK\ODBC\170\Tools\Binn\;C:\Program Files (x86)\dotnet\;C:\Program Files\NVIDIA Corporation\NVIDIA NvDLISR;C:\Program Files (x86)\NVIDIA Corporation\PhysX\Common;C:\Program Files\Git\cmd;C:\Users\WeiQi\AppData\Local\Microsoft\WindowsApps;C:\Users\WeiQi\.dotnet\tools
USERNAME=WeiQi
OS=Windows_NT
PROCESSOR_IDENTIFIER=Intel64 Family 6 Model 158 Stepping 10, GenuineIntel



---------------  S Y S T E M  ---------------

OS: Windows 10 , 64 bit Build 19041 (10.0.19041.1023)
OS uptime: 1 days 12:29 hours

CPU:total 12 (initial active 12) (6 cores per cpu, 2 threads per core) family 6 model 158 stepping 10, cmov, cx8, fxsr, mmx, sse, sse2, sse3, ssse3, sse4.1, sse4.2, popcnt, avx, avx2, aes, clmul, erms, 3dnowpref, lzcnt, ht, tsc, tscinvbit, bmi1, bmi2, adx, fma

Memory: 4k page, system-wide physical 16196M (3347M free)
TotalPageFile size 29274M (AvailPageFile size 51M)
current process WorkingSet (physical memory assigned to process): 599M, peak: 602M
current process commit charge ("private bytes"): 638M, peak: 677M

vm_info: OpenJDK 64-Bit Server VM (11.0.8+10-b944.6842174) for windows-amd64 JRE (11.0.8+10-b944.6842174), built on Sep 19 2020 01:11:42 by "builder" with MS VC++ 14.0 (VS2015)

END.
